[2024-03-21 23:05:45,571] {processor.py:153} INFO - Started process (PID=47) to work on /opt/airflow/dags/dags.py
[2024-03-21 23:05:45,574] {processor.py:641} INFO - Processing file /opt/airflow/dags/dags.py for tasks to queue
[2024-03-21 23:05:45,576] {logging_mixin.py:115} INFO - [2024-03-21 23:05:45,576] {dagbag.py:507} INFO - Filling up the DagBag from /opt/airflow/dags/dags.py
[2024-03-21 23:05:46,821] {processor.py:651} INFO - DAG(s) dict_keys(['bigdag']) retrieved from /opt/airflow/dags/dags.py
[2024-03-21 23:05:46,861] {logging_mixin.py:115} INFO - [2024-03-21 23:05:46,861] {dag.py:2371} INFO - Sync 1 DAGs
[2024-03-21 23:05:46,920] {logging_mixin.py:115} INFO - [2024-03-21 23:05:46,920] {dag.py:2919} INFO - Setting next_dagrun for bigdag to None, run_after=None
[2024-03-21 23:05:46,948] {processor.py:161} INFO - Processing /opt/airflow/dags/dags.py took 1.392 seconds
[2024-03-21 23:06:17,081] {processor.py:153} INFO - Started process (PID=99) to work on /opt/airflow/dags/dags.py
[2024-03-21 23:06:17,084] {processor.py:641} INFO - Processing file /opt/airflow/dags/dags.py for tasks to queue
[2024-03-21 23:06:17,089] {logging_mixin.py:115} INFO - [2024-03-21 23:06:17,089] {dagbag.py:507} INFO - Filling up the DagBag from /opt/airflow/dags/dags.py
[2024-03-21 23:06:17,386] {processor.py:651} INFO - DAG(s) dict_keys(['bigdag']) retrieved from /opt/airflow/dags/dags.py
[2024-03-21 23:06:17,413] {logging_mixin.py:115} INFO - [2024-03-21 23:06:17,413] {dag.py:2371} INFO - Sync 1 DAGs
[2024-03-21 23:06:17,437] {logging_mixin.py:115} INFO - [2024-03-21 23:06:17,437] {dag.py:2919} INFO - Setting next_dagrun for bigdag to None, run_after=None
[2024-03-21 23:06:17,458] {processor.py:161} INFO - Processing /opt/airflow/dags/dags.py took 0.389 seconds
[2024-03-21 23:06:47,723] {processor.py:153} INFO - Started process (PID=160) to work on /opt/airflow/dags/dags.py
[2024-03-21 23:06:47,726] {processor.py:641} INFO - Processing file /opt/airflow/dags/dags.py for tasks to queue
[2024-03-21 23:06:47,728] {logging_mixin.py:115} INFO - [2024-03-21 23:06:47,728] {dagbag.py:507} INFO - Filling up the DagBag from /opt/airflow/dags/dags.py
[2024-03-21 23:06:48,145] {processor.py:651} INFO - DAG(s) dict_keys(['bigdag']) retrieved from /opt/airflow/dags/dags.py
[2024-03-21 23:06:48,164] {logging_mixin.py:115} INFO - [2024-03-21 23:06:48,164] {dag.py:2371} INFO - Sync 1 DAGs
[2024-03-21 23:06:48,182] {logging_mixin.py:115} INFO - [2024-03-21 23:06:48,182] {dag.py:2919} INFO - Setting next_dagrun for bigdag to None, run_after=None
[2024-03-21 23:06:48,192] {processor.py:161} INFO - Processing /opt/airflow/dags/dags.py took 0.474 seconds
[2024-03-21 23:07:18,488] {processor.py:153} INFO - Started process (PID=221) to work on /opt/airflow/dags/dags.py
[2024-03-21 23:07:18,490] {processor.py:641} INFO - Processing file /opt/airflow/dags/dags.py for tasks to queue
[2024-03-21 23:07:18,491] {logging_mixin.py:115} INFO - [2024-03-21 23:07:18,491] {dagbag.py:507} INFO - Filling up the DagBag from /opt/airflow/dags/dags.py
[2024-03-21 23:07:18,825] {processor.py:651} INFO - DAG(s) dict_keys(['bigdag']) retrieved from /opt/airflow/dags/dags.py
[2024-03-21 23:07:18,845] {logging_mixin.py:115} INFO - [2024-03-21 23:07:18,845] {dag.py:2371} INFO - Sync 1 DAGs
[2024-03-21 23:07:18,861] {logging_mixin.py:115} INFO - [2024-03-21 23:07:18,861] {dag.py:2919} INFO - Setting next_dagrun for bigdag to None, run_after=None
[2024-03-21 23:07:18,869] {processor.py:161} INFO - Processing /opt/airflow/dags/dags.py took 0.386 seconds
[2024-03-21 23:07:49,627] {processor.py:153} INFO - Started process (PID=283) to work on /opt/airflow/dags/dags.py
[2024-03-21 23:07:49,628] {processor.py:641} INFO - Processing file /opt/airflow/dags/dags.py for tasks to queue
[2024-03-21 23:07:49,629] {logging_mixin.py:115} INFO - [2024-03-21 23:07:49,629] {dagbag.py:507} INFO - Filling up the DagBag from /opt/airflow/dags/dags.py
[2024-03-21 23:07:50,000] {processor.py:651} INFO - DAG(s) dict_keys(['bigdag']) retrieved from /opt/airflow/dags/dags.py
[2024-03-21 23:07:50,038] {logging_mixin.py:115} INFO - [2024-03-21 23:07:50,038] {dag.py:2371} INFO - Sync 1 DAGs
[2024-03-21 23:07:50,093] {logging_mixin.py:115} INFO - [2024-03-21 23:07:50,093] {dag.py:2919} INFO - Setting next_dagrun for bigdag to None, run_after=None
[2024-03-21 23:07:50,129] {processor.py:161} INFO - Processing /opt/airflow/dags/dags.py took 0.506 seconds
[2024-03-21 23:08:20,695] {processor.py:153} INFO - Started process (PID=336) to work on /opt/airflow/dags/dags.py
[2024-03-21 23:08:20,697] {processor.py:641} INFO - Processing file /opt/airflow/dags/dags.py for tasks to queue
[2024-03-21 23:08:20,697] {logging_mixin.py:115} INFO - [2024-03-21 23:08:20,697] {dagbag.py:507} INFO - Filling up the DagBag from /opt/airflow/dags/dags.py
[2024-03-21 23:08:20,886] {processor.py:651} INFO - DAG(s) dict_keys(['bigdag']) retrieved from /opt/airflow/dags/dags.py
[2024-03-21 23:08:20,901] {logging_mixin.py:115} INFO - [2024-03-21 23:08:20,901] {dag.py:2371} INFO - Sync 1 DAGs
[2024-03-21 23:08:20,916] {logging_mixin.py:115} INFO - [2024-03-21 23:08:20,916] {dag.py:2919} INFO - Setting next_dagrun for bigdag to None, run_after=None
[2024-03-21 23:08:20,924] {processor.py:161} INFO - Processing /opt/airflow/dags/dags.py took 0.236 seconds
[2024-03-21 23:08:51,012] {processor.py:153} INFO - Started process (PID=398) to work on /opt/airflow/dags/dags.py
[2024-03-21 23:08:51,014] {processor.py:641} INFO - Processing file /opt/airflow/dags/dags.py for tasks to queue
[2024-03-21 23:08:51,021] {logging_mixin.py:115} INFO - [2024-03-21 23:08:51,021] {dagbag.py:507} INFO - Filling up the DagBag from /opt/airflow/dags/dags.py
[2024-03-21 23:08:51,254] {processor.py:651} INFO - DAG(s) dict_keys(['bigdag']) retrieved from /opt/airflow/dags/dags.py
[2024-03-21 23:08:51,269] {logging_mixin.py:115} INFO - [2024-03-21 23:08:51,269] {dag.py:2371} INFO - Sync 1 DAGs
[2024-03-21 23:08:51,291] {logging_mixin.py:115} INFO - [2024-03-21 23:08:51,290] {dag.py:2919} INFO - Setting next_dagrun for bigdag to None, run_after=None
[2024-03-21 23:08:51,300] {processor.py:161} INFO - Processing /opt/airflow/dags/dags.py took 0.293 seconds
[2024-03-21 23:09:21,401] {processor.py:153} INFO - Started process (PID=460) to work on /opt/airflow/dags/dags.py
[2024-03-21 23:09:21,402] {processor.py:641} INFO - Processing file /opt/airflow/dags/dags.py for tasks to queue
[2024-03-21 23:09:21,403] {logging_mixin.py:115} INFO - [2024-03-21 23:09:21,403] {dagbag.py:507} INFO - Filling up the DagBag from /opt/airflow/dags/dags.py
[2024-03-21 23:09:21,661] {processor.py:651} INFO - DAG(s) dict_keys(['bigdag']) retrieved from /opt/airflow/dags/dags.py
[2024-03-21 23:09:21,676] {logging_mixin.py:115} INFO - [2024-03-21 23:09:21,676] {dag.py:2371} INFO - Sync 1 DAGs
[2024-03-21 23:09:21,694] {logging_mixin.py:115} INFO - [2024-03-21 23:09:21,694] {dag.py:2919} INFO - Setting next_dagrun for bigdag to None, run_after=None
[2024-03-21 23:09:21,702] {processor.py:161} INFO - Processing /opt/airflow/dags/dags.py took 0.307 seconds
[2024-03-21 23:09:51,979] {processor.py:153} INFO - Started process (PID=513) to work on /opt/airflow/dags/dags.py
[2024-03-21 23:09:51,980] {processor.py:641} INFO - Processing file /opt/airflow/dags/dags.py for tasks to queue
[2024-03-21 23:09:51,981] {logging_mixin.py:115} INFO - [2024-03-21 23:09:51,981] {dagbag.py:507} INFO - Filling up the DagBag from /opt/airflow/dags/dags.py
[2024-03-21 23:09:52,282] {processor.py:651} INFO - DAG(s) dict_keys(['bigdag']) retrieved from /opt/airflow/dags/dags.py
[2024-03-21 23:09:52,301] {logging_mixin.py:115} INFO - [2024-03-21 23:09:52,301] {dag.py:2371} INFO - Sync 1 DAGs
[2024-03-21 23:09:52,318] {logging_mixin.py:115} INFO - [2024-03-21 23:09:52,318] {dag.py:2919} INFO - Setting next_dagrun for bigdag to None, run_after=None
[2024-03-21 23:09:52,327] {processor.py:161} INFO - Processing /opt/airflow/dags/dags.py took 0.353 seconds
[2024-03-21 23:10:22,499] {processor.py:153} INFO - Started process (PID=574) to work on /opt/airflow/dags/dags.py
[2024-03-21 23:10:22,501] {processor.py:641} INFO - Processing file /opt/airflow/dags/dags.py for tasks to queue
[2024-03-21 23:10:22,502] {logging_mixin.py:115} INFO - [2024-03-21 23:10:22,502] {dagbag.py:507} INFO - Filling up the DagBag from /opt/airflow/dags/dags.py
[2024-03-21 23:10:22,754] {processor.py:651} INFO - DAG(s) dict_keys(['bigdag']) retrieved from /opt/airflow/dags/dags.py
[2024-03-21 23:10:22,770] {logging_mixin.py:115} INFO - [2024-03-21 23:10:22,770] {dag.py:2371} INFO - Sync 1 DAGs
[2024-03-21 23:10:22,784] {logging_mixin.py:115} INFO - [2024-03-21 23:10:22,784] {dag.py:2919} INFO - Setting next_dagrun for bigdag to None, run_after=None
[2024-03-21 23:10:22,791] {processor.py:161} INFO - Processing /opt/airflow/dags/dags.py took 0.299 seconds
[2024-03-21 23:10:53,158] {processor.py:153} INFO - Started process (PID=636) to work on /opt/airflow/dags/dags.py
[2024-03-21 23:10:53,160] {processor.py:641} INFO - Processing file /opt/airflow/dags/dags.py for tasks to queue
[2024-03-21 23:10:53,161] {logging_mixin.py:115} INFO - [2024-03-21 23:10:53,161] {dagbag.py:507} INFO - Filling up the DagBag from /opt/airflow/dags/dags.py
[2024-03-21 23:10:53,495] {processor.py:651} INFO - DAG(s) dict_keys(['bigdag']) retrieved from /opt/airflow/dags/dags.py
[2024-03-21 23:10:53,514] {logging_mixin.py:115} INFO - [2024-03-21 23:10:53,514] {dag.py:2371} INFO - Sync 1 DAGs
[2024-03-21 23:10:53,531] {logging_mixin.py:115} INFO - [2024-03-21 23:10:53,531] {dag.py:2919} INFO - Setting next_dagrun for bigdag to None, run_after=None
[2024-03-21 23:10:53,541] {processor.py:161} INFO - Processing /opt/airflow/dags/dags.py took 0.387 seconds
[2024-03-21 23:11:24,183] {processor.py:153} INFO - Started process (PID=697) to work on /opt/airflow/dags/dags.py
[2024-03-21 23:11:24,185] {processor.py:641} INFO - Processing file /opt/airflow/dags/dags.py for tasks to queue
[2024-03-21 23:11:24,187] {logging_mixin.py:115} INFO - [2024-03-21 23:11:24,187] {dagbag.py:507} INFO - Filling up the DagBag from /opt/airflow/dags/dags.py
[2024-03-21 23:11:24,565] {processor.py:651} INFO - DAG(s) dict_keys(['bigdag']) retrieved from /opt/airflow/dags/dags.py
[2024-03-21 23:11:24,579] {logging_mixin.py:115} INFO - [2024-03-21 23:11:24,579] {dag.py:2371} INFO - Sync 1 DAGs
[2024-03-21 23:11:24,592] {logging_mixin.py:115} INFO - [2024-03-21 23:11:24,591] {dag.py:2919} INFO - Setting next_dagrun for bigdag to None, run_after=None
[2024-03-21 23:11:24,598] {processor.py:161} INFO - Processing /opt/airflow/dags/dags.py took 0.423 seconds
[2024-03-21 23:11:54,741] {processor.py:153} INFO - Started process (PID=753) to work on /opt/airflow/dags/dags.py
[2024-03-21 23:11:54,741] {processor.py:641} INFO - Processing file /opt/airflow/dags/dags.py for tasks to queue
[2024-03-21 23:11:54,742] {logging_mixin.py:115} INFO - [2024-03-21 23:11:54,742] {dagbag.py:507} INFO - Filling up the DagBag from /opt/airflow/dags/dags.py
[2024-03-21 23:11:54,982] {processor.py:651} INFO - DAG(s) dict_keys(['bigdag']) retrieved from /opt/airflow/dags/dags.py
[2024-03-21 23:11:54,995] {logging_mixin.py:115} INFO - [2024-03-21 23:11:54,995] {dag.py:2371} INFO - Sync 1 DAGs
[2024-03-21 23:11:55,008] {logging_mixin.py:115} INFO - [2024-03-21 23:11:55,008] {dag.py:2919} INFO - Setting next_dagrun for bigdag to None, run_after=None
[2024-03-21 23:11:55,016] {processor.py:161} INFO - Processing /opt/airflow/dags/dags.py took 0.278 seconds
[2024-03-21 23:12:25,252] {processor.py:153} INFO - Started process (PID=811) to work on /opt/airflow/dags/dags.py
[2024-03-21 23:12:25,254] {processor.py:641} INFO - Processing file /opt/airflow/dags/dags.py for tasks to queue
[2024-03-21 23:12:25,254] {logging_mixin.py:115} INFO - [2024-03-21 23:12:25,254] {dagbag.py:507} INFO - Filling up the DagBag from /opt/airflow/dags/dags.py
[2024-03-21 23:12:25,483] {processor.py:651} INFO - DAG(s) dict_keys(['bigdag']) retrieved from /opt/airflow/dags/dags.py
[2024-03-21 23:12:25,498] {logging_mixin.py:115} INFO - [2024-03-21 23:12:25,498] {dag.py:2371} INFO - Sync 1 DAGs
[2024-03-21 23:12:25,513] {logging_mixin.py:115} INFO - [2024-03-21 23:12:25,513] {dag.py:2919} INFO - Setting next_dagrun for bigdag to None, run_after=None
[2024-03-21 23:12:25,521] {processor.py:161} INFO - Processing /opt/airflow/dags/dags.py took 0.272 seconds
[2024-03-21 23:12:55,805] {processor.py:153} INFO - Started process (PID=873) to work on /opt/airflow/dags/dags.py
[2024-03-21 23:12:55,807] {processor.py:641} INFO - Processing file /opt/airflow/dags/dags.py for tasks to queue
[2024-03-21 23:12:55,808] {logging_mixin.py:115} INFO - [2024-03-21 23:12:55,808] {dagbag.py:507} INFO - Filling up the DagBag from /opt/airflow/dags/dags.py
[2024-03-21 23:12:56,034] {processor.py:651} INFO - DAG(s) dict_keys(['bigdag']) retrieved from /opt/airflow/dags/dags.py
[2024-03-21 23:12:56,049] {logging_mixin.py:115} INFO - [2024-03-21 23:12:56,049] {dag.py:2371} INFO - Sync 1 DAGs
[2024-03-21 23:12:56,065] {logging_mixin.py:115} INFO - [2024-03-21 23:12:56,065] {dag.py:2919} INFO - Setting next_dagrun for bigdag to None, run_after=None
[2024-03-21 23:12:56,073] {processor.py:161} INFO - Processing /opt/airflow/dags/dags.py took 0.273 seconds
[2024-03-21 23:13:26,386] {processor.py:153} INFO - Started process (PID=933) to work on /opt/airflow/dags/dags.py
[2024-03-21 23:13:26,387] {processor.py:641} INFO - Processing file /opt/airflow/dags/dags.py for tasks to queue
[2024-03-21 23:13:26,388] {logging_mixin.py:115} INFO - [2024-03-21 23:13:26,387] {dagbag.py:507} INFO - Filling up the DagBag from /opt/airflow/dags/dags.py
[2024-03-21 23:13:26,690] {processor.py:651} INFO - DAG(s) dict_keys(['bigdag']) retrieved from /opt/airflow/dags/dags.py
[2024-03-21 23:13:26,719] {logging_mixin.py:115} INFO - [2024-03-21 23:13:26,719] {dag.py:2371} INFO - Sync 1 DAGs
[2024-03-21 23:13:26,744] {logging_mixin.py:115} INFO - [2024-03-21 23:13:26,744] {dag.py:2919} INFO - Setting next_dagrun for bigdag to None, run_after=None
[2024-03-21 23:13:26,759] {processor.py:161} INFO - Processing /opt/airflow/dags/dags.py took 0.376 seconds
[2024-03-21 23:13:57,517] {processor.py:153} INFO - Started process (PID=987) to work on /opt/airflow/dags/dags.py
[2024-03-21 23:13:57,518] {processor.py:641} INFO - Processing file /opt/airflow/dags/dags.py for tasks to queue
[2024-03-21 23:13:57,519] {logging_mixin.py:115} INFO - [2024-03-21 23:13:57,519] {dagbag.py:507} INFO - Filling up the DagBag from /opt/airflow/dags/dags.py
[2024-03-21 23:13:57,757] {processor.py:651} INFO - DAG(s) dict_keys(['bigdag']) retrieved from /opt/airflow/dags/dags.py
[2024-03-21 23:13:57,770] {logging_mixin.py:115} INFO - [2024-03-21 23:13:57,770] {dag.py:2371} INFO - Sync 1 DAGs
[2024-03-21 23:13:57,784] {logging_mixin.py:115} INFO - [2024-03-21 23:13:57,784] {dag.py:2919} INFO - Setting next_dagrun for bigdag to None, run_after=None
[2024-03-21 23:13:57,791] {processor.py:161} INFO - Processing /opt/airflow/dags/dags.py took 0.279 seconds
[2024-03-21 23:14:28,205] {processor.py:153} INFO - Started process (PID=1049) to work on /opt/airflow/dags/dags.py
[2024-03-21 23:14:28,206] {processor.py:641} INFO - Processing file /opt/airflow/dags/dags.py for tasks to queue
[2024-03-21 23:14:28,207] {logging_mixin.py:115} INFO - [2024-03-21 23:14:28,207] {dagbag.py:507} INFO - Filling up the DagBag from /opt/airflow/dags/dags.py
[2024-03-21 23:14:28,420] {processor.py:651} INFO - DAG(s) dict_keys(['bigdag']) retrieved from /opt/airflow/dags/dags.py
[2024-03-21 23:14:28,433] {logging_mixin.py:115} INFO - [2024-03-21 23:14:28,433] {dag.py:2371} INFO - Sync 1 DAGs
[2024-03-21 23:14:28,448] {logging_mixin.py:115} INFO - [2024-03-21 23:14:28,448] {dag.py:2919} INFO - Setting next_dagrun for bigdag to None, run_after=None
[2024-03-21 23:14:28,456] {processor.py:161} INFO - Processing /opt/airflow/dags/dags.py took 0.257 seconds
[2024-03-21 23:14:58,676] {processor.py:153} INFO - Started process (PID=1111) to work on /opt/airflow/dags/dags.py
[2024-03-21 23:14:58,677] {processor.py:641} INFO - Processing file /opt/airflow/dags/dags.py for tasks to queue
[2024-03-21 23:14:58,678] {logging_mixin.py:115} INFO - [2024-03-21 23:14:58,678] {dagbag.py:507} INFO - Filling up the DagBag from /opt/airflow/dags/dags.py
[2024-03-21 23:14:58,848] {processor.py:651} INFO - DAG(s) dict_keys(['bigdag']) retrieved from /opt/airflow/dags/dags.py
[2024-03-21 23:14:58,864] {logging_mixin.py:115} INFO - [2024-03-21 23:14:58,864] {dag.py:2371} INFO - Sync 1 DAGs
[2024-03-21 23:14:58,879] {logging_mixin.py:115} INFO - [2024-03-21 23:14:58,879] {dag.py:2919} INFO - Setting next_dagrun for bigdag to None, run_after=None
[2024-03-21 23:14:58,886] {processor.py:161} INFO - Processing /opt/airflow/dags/dags.py took 0.218 seconds
[2024-03-21 23:15:29,598] {processor.py:153} INFO - Started process (PID=1164) to work on /opt/airflow/dags/dags.py
[2024-03-21 23:15:29,599] {processor.py:641} INFO - Processing file /opt/airflow/dags/dags.py for tasks to queue
[2024-03-21 23:15:29,600] {logging_mixin.py:115} INFO - [2024-03-21 23:15:29,600] {dagbag.py:507} INFO - Filling up the DagBag from /opt/airflow/dags/dags.py
[2024-03-21 23:15:29,953] {processor.py:651} INFO - DAG(s) dict_keys(['bigdag']) retrieved from /opt/airflow/dags/dags.py
[2024-03-21 23:15:29,984] {logging_mixin.py:115} INFO - [2024-03-21 23:15:29,984] {dag.py:2371} INFO - Sync 1 DAGs
[2024-03-21 23:15:30,048] {logging_mixin.py:115} INFO - [2024-03-21 23:15:30,048] {dag.py:2919} INFO - Setting next_dagrun for bigdag to None, run_after=None
[2024-03-21 23:15:30,112] {processor.py:161} INFO - Processing /opt/airflow/dags/dags.py took 0.521 seconds
[2024-03-21 23:16:00,268] {processor.py:153} INFO - Started process (PID=1228) to work on /opt/airflow/dags/dags.py
[2024-03-21 23:16:00,269] {processor.py:641} INFO - Processing file /opt/airflow/dags/dags.py for tasks to queue
[2024-03-21 23:16:00,270] {logging_mixin.py:115} INFO - [2024-03-21 23:16:00,269] {dagbag.py:507} INFO - Filling up the DagBag from /opt/airflow/dags/dags.py
[2024-03-21 23:16:00,425] {processor.py:651} INFO - DAG(s) dict_keys(['bigdag']) retrieved from /opt/airflow/dags/dags.py
[2024-03-21 23:16:00,441] {logging_mixin.py:115} INFO - [2024-03-21 23:16:00,441] {dag.py:2371} INFO - Sync 1 DAGs
[2024-03-21 23:16:00,457] {logging_mixin.py:115} INFO - [2024-03-21 23:16:00,457] {dag.py:2919} INFO - Setting next_dagrun for bigdag to None, run_after=None
[2024-03-21 23:16:00,465] {processor.py:161} INFO - Processing /opt/airflow/dags/dags.py took 0.198 seconds
[2024-03-21 23:16:30,492] {processor.py:153} INFO - Started process (PID=1288) to work on /opt/airflow/dags/dags.py
[2024-03-21 23:16:30,493] {processor.py:641} INFO - Processing file /opt/airflow/dags/dags.py for tasks to queue
[2024-03-21 23:16:30,497] {logging_mixin.py:115} INFO - [2024-03-21 23:16:30,497] {dagbag.py:507} INFO - Filling up the DagBag from /opt/airflow/dags/dags.py
[2024-03-21 23:16:30,956] {processor.py:651} INFO - DAG(s) dict_keys(['bigdag']) retrieved from /opt/airflow/dags/dags.py
[2024-03-21 23:16:30,970] {logging_mixin.py:115} INFO - [2024-03-21 23:16:30,970] {dag.py:2371} INFO - Sync 1 DAGs
[2024-03-21 23:16:30,985] {logging_mixin.py:115} INFO - [2024-03-21 23:16:30,985] {dag.py:2919} INFO - Setting next_dagrun for bigdag to None, run_after=None
[2024-03-21 23:16:30,993] {processor.py:161} INFO - Processing /opt/airflow/dags/dags.py took 0.504 seconds
[2024-03-21 23:17:01,109] {processor.py:153} INFO - Started process (PID=1339) to work on /opt/airflow/dags/dags.py
[2024-03-21 23:17:01,113] {processor.py:641} INFO - Processing file /opt/airflow/dags/dags.py for tasks to queue
[2024-03-21 23:17:01,119] {logging_mixin.py:115} INFO - [2024-03-21 23:17:01,119] {dagbag.py:507} INFO - Filling up the DagBag from /opt/airflow/dags/dags.py
[2024-03-21 23:17:01,868] {processor.py:651} INFO - DAG(s) dict_keys(['bigdag']) retrieved from /opt/airflow/dags/dags.py
[2024-03-21 23:17:01,926] {logging_mixin.py:115} INFO - [2024-03-21 23:17:01,925] {dag.py:2371} INFO - Sync 1 DAGs
[2024-03-21 23:17:02,028] {logging_mixin.py:115} INFO - [2024-03-21 23:17:02,028] {dag.py:2919} INFO - Setting next_dagrun for bigdag to None, run_after=None
[2024-03-21 23:17:02,059] {processor.py:161} INFO - Processing /opt/airflow/dags/dags.py took 0.956 seconds
[2024-03-21 23:17:32,185] {processor.py:153} INFO - Started process (PID=1401) to work on /opt/airflow/dags/dags.py
[2024-03-21 23:17:32,186] {processor.py:641} INFO - Processing file /opt/airflow/dags/dags.py for tasks to queue
[2024-03-21 23:17:32,187] {logging_mixin.py:115} INFO - [2024-03-21 23:17:32,187] {dagbag.py:507} INFO - Filling up the DagBag from /opt/airflow/dags/dags.py
[2024-03-21 23:17:32,403] {processor.py:651} INFO - DAG(s) dict_keys(['bigdag']) retrieved from /opt/airflow/dags/dags.py
[2024-03-21 23:17:32,417] {logging_mixin.py:115} INFO - [2024-03-21 23:17:32,417] {dag.py:2371} INFO - Sync 1 DAGs
[2024-03-21 23:17:32,431] {logging_mixin.py:115} INFO - [2024-03-21 23:17:32,431] {dag.py:2919} INFO - Setting next_dagrun for bigdag to None, run_after=None
[2024-03-21 23:17:32,438] {processor.py:161} INFO - Processing /opt/airflow/dags/dags.py took 0.258 seconds
[2024-03-21 23:18:03,049] {processor.py:153} INFO - Started process (PID=1462) to work on /opt/airflow/dags/dags.py
[2024-03-21 23:18:03,050] {processor.py:641} INFO - Processing file /opt/airflow/dags/dags.py for tasks to queue
[2024-03-21 23:18:03,051] {logging_mixin.py:115} INFO - [2024-03-21 23:18:03,051] {dagbag.py:507} INFO - Filling up the DagBag from /opt/airflow/dags/dags.py
[2024-03-21 23:18:03,301] {processor.py:651} INFO - DAG(s) dict_keys(['bigdag']) retrieved from /opt/airflow/dags/dags.py
[2024-03-21 23:18:03,326] {logging_mixin.py:115} INFO - [2024-03-21 23:18:03,325] {dag.py:2371} INFO - Sync 1 DAGs
[2024-03-21 23:18:03,349] {logging_mixin.py:115} INFO - [2024-03-21 23:18:03,349] {dag.py:2919} INFO - Setting next_dagrun for bigdag to None, run_after=None
[2024-03-21 23:18:03,359] {processor.py:161} INFO - Processing /opt/airflow/dags/dags.py took 0.314 seconds
[2024-03-21 23:18:33,991] {processor.py:153} INFO - Started process (PID=1515) to work on /opt/airflow/dags/dags.py
[2024-03-21 23:18:33,992] {processor.py:641} INFO - Processing file /opt/airflow/dags/dags.py for tasks to queue
[2024-03-21 23:18:33,992] {logging_mixin.py:115} INFO - [2024-03-21 23:18:33,992] {dagbag.py:507} INFO - Filling up the DagBag from /opt/airflow/dags/dags.py
[2024-03-21 23:18:34,156] {processor.py:651} INFO - DAG(s) dict_keys(['bigdag']) retrieved from /opt/airflow/dags/dags.py
[2024-03-21 23:18:34,170] {logging_mixin.py:115} INFO - [2024-03-21 23:18:34,170] {dag.py:2371} INFO - Sync 1 DAGs
[2024-03-21 23:18:34,188] {logging_mixin.py:115} INFO - [2024-03-21 23:18:34,188] {dag.py:2919} INFO - Setting next_dagrun for bigdag to None, run_after=None
[2024-03-21 23:18:34,199] {processor.py:161} INFO - Processing /opt/airflow/dags/dags.py took 0.211 seconds
[2024-03-21 23:19:04,678] {processor.py:153} INFO - Started process (PID=1578) to work on /opt/airflow/dags/dags.py
[2024-03-21 23:19:04,679] {processor.py:641} INFO - Processing file /opt/airflow/dags/dags.py for tasks to queue
[2024-03-21 23:19:04,681] {logging_mixin.py:115} INFO - [2024-03-21 23:19:04,680] {dagbag.py:507} INFO - Filling up the DagBag from /opt/airflow/dags/dags.py
[2024-03-21 23:19:04,977] {processor.py:651} INFO - DAG(s) dict_keys(['bigdag']) retrieved from /opt/airflow/dags/dags.py
[2024-03-21 23:19:04,998] {logging_mixin.py:115} INFO - [2024-03-21 23:19:04,998] {dag.py:2371} INFO - Sync 1 DAGs
[2024-03-21 23:19:05,018] {logging_mixin.py:115} INFO - [2024-03-21 23:19:05,018] {dag.py:2919} INFO - Setting next_dagrun for bigdag to None, run_after=None
[2024-03-21 23:19:05,027] {processor.py:161} INFO - Processing /opt/airflow/dags/dags.py took 0.354 seconds
[2024-03-21 23:19:35,144] {processor.py:153} INFO - Started process (PID=1640) to work on /opt/airflow/dags/dags.py
[2024-03-21 23:19:35,145] {processor.py:641} INFO - Processing file /opt/airflow/dags/dags.py for tasks to queue
[2024-03-21 23:19:35,146] {logging_mixin.py:115} INFO - [2024-03-21 23:19:35,146] {dagbag.py:507} INFO - Filling up the DagBag from /opt/airflow/dags/dags.py
[2024-03-21 23:19:35,504] {processor.py:651} INFO - DAG(s) dict_keys(['bigdag']) retrieved from /opt/airflow/dags/dags.py
[2024-03-21 23:19:35,526] {logging_mixin.py:115} INFO - [2024-03-21 23:19:35,526] {dag.py:2371} INFO - Sync 1 DAGs
[2024-03-21 23:19:35,543] {logging_mixin.py:115} INFO - [2024-03-21 23:19:35,543] {dag.py:2919} INFO - Setting next_dagrun for bigdag to None, run_after=None
[2024-03-21 23:19:35,553] {processor.py:161} INFO - Processing /opt/airflow/dags/dags.py took 0.411 seconds
[2024-03-21 23:20:06,006] {processor.py:153} INFO - Started process (PID=1693) to work on /opt/airflow/dags/dags.py
[2024-03-21 23:20:06,007] {processor.py:641} INFO - Processing file /opt/airflow/dags/dags.py for tasks to queue
[2024-03-21 23:20:06,009] {logging_mixin.py:115} INFO - [2024-03-21 23:20:06,008] {dagbag.py:507} INFO - Filling up the DagBag from /opt/airflow/dags/dags.py
[2024-03-21 23:20:06,444] {processor.py:651} INFO - DAG(s) dict_keys(['bigdag']) retrieved from /opt/airflow/dags/dags.py
[2024-03-21 23:20:06,473] {logging_mixin.py:115} INFO - [2024-03-21 23:20:06,473] {dag.py:2371} INFO - Sync 1 DAGs
[2024-03-21 23:20:06,499] {logging_mixin.py:115} INFO - [2024-03-21 23:20:06,499] {dag.py:2919} INFO - Setting next_dagrun for bigdag to None, run_after=None
[2024-03-21 23:20:06,511] {processor.py:161} INFO - Processing /opt/airflow/dags/dags.py took 0.508 seconds
[2024-03-21 23:20:36,716] {processor.py:153} INFO - Started process (PID=1755) to work on /opt/airflow/dags/dags.py
[2024-03-21 23:20:36,717] {processor.py:641} INFO - Processing file /opt/airflow/dags/dags.py for tasks to queue
[2024-03-21 23:20:36,719] {logging_mixin.py:115} INFO - [2024-03-21 23:20:36,719] {dagbag.py:507} INFO - Filling up the DagBag from /opt/airflow/dags/dags.py
[2024-03-21 23:20:37,514] {processor.py:651} INFO - DAG(s) dict_keys(['bigdag']) retrieved from /opt/airflow/dags/dags.py
[2024-03-21 23:20:37,591] {logging_mixin.py:115} INFO - [2024-03-21 23:20:37,591] {dag.py:2371} INFO - Sync 1 DAGs
[2024-03-21 23:20:37,639] {logging_mixin.py:115} INFO - [2024-03-21 23:20:37,639] {dag.py:2919} INFO - Setting next_dagrun for bigdag to None, run_after=None
[2024-03-21 23:20:37,663] {processor.py:161} INFO - Processing /opt/airflow/dags/dags.py took 0.953 seconds
[2024-03-21 23:21:08,026] {processor.py:153} INFO - Started process (PID=1808) to work on /opt/airflow/dags/dags.py
[2024-03-21 23:21:08,028] {processor.py:641} INFO - Processing file /opt/airflow/dags/dags.py for tasks to queue
[2024-03-21 23:21:08,029] {logging_mixin.py:115} INFO - [2024-03-21 23:21:08,029] {dagbag.py:507} INFO - Filling up the DagBag from /opt/airflow/dags/dags.py
[2024-03-21 23:21:08,291] {processor.py:651} INFO - DAG(s) dict_keys(['bigdag']) retrieved from /opt/airflow/dags/dags.py
[2024-03-21 23:21:08,311] {logging_mixin.py:115} INFO - [2024-03-21 23:21:08,311] {dag.py:2371} INFO - Sync 1 DAGs
[2024-03-21 23:21:08,331] {logging_mixin.py:115} INFO - [2024-03-21 23:21:08,331] {dag.py:2919} INFO - Setting next_dagrun for bigdag to None, run_after=None
[2024-03-21 23:21:08,340] {processor.py:161} INFO - Processing /opt/airflow/dags/dags.py took 0.318 seconds
[2024-03-21 23:21:38,800] {processor.py:153} INFO - Started process (PID=1869) to work on /opt/airflow/dags/dags.py
[2024-03-21 23:21:38,802] {processor.py:641} INFO - Processing file /opt/airflow/dags/dags.py for tasks to queue
[2024-03-21 23:21:38,803] {logging_mixin.py:115} INFO - [2024-03-21 23:21:38,803] {dagbag.py:507} INFO - Filling up the DagBag from /opt/airflow/dags/dags.py
[2024-03-21 23:21:38,975] {processor.py:651} INFO - DAG(s) dict_keys(['bigdag']) retrieved from /opt/airflow/dags/dags.py
[2024-03-21 23:21:38,990] {logging_mixin.py:115} INFO - [2024-03-21 23:21:38,990] {dag.py:2371} INFO - Sync 1 DAGs
[2024-03-21 23:21:39,006] {logging_mixin.py:115} INFO - [2024-03-21 23:21:39,005] {dag.py:2919} INFO - Setting next_dagrun for bigdag to None, run_after=None
[2024-03-21 23:21:39,014] {processor.py:161} INFO - Processing /opt/airflow/dags/dags.py took 0.222 seconds
[2024-03-21 23:22:09,704] {processor.py:153} INFO - Started process (PID=1931) to work on /opt/airflow/dags/dags.py
[2024-03-21 23:22:09,706] {processor.py:641} INFO - Processing file /opt/airflow/dags/dags.py for tasks to queue
[2024-03-21 23:22:09,707] {logging_mixin.py:115} INFO - [2024-03-21 23:22:09,707] {dagbag.py:507} INFO - Filling up the DagBag from /opt/airflow/dags/dags.py
[2024-03-21 23:22:09,921] {processor.py:651} INFO - DAG(s) dict_keys(['bigdag']) retrieved from /opt/airflow/dags/dags.py
[2024-03-21 23:22:09,935] {logging_mixin.py:115} INFO - [2024-03-21 23:22:09,935] {dag.py:2371} INFO - Sync 1 DAGs
[2024-03-21 23:22:09,951] {logging_mixin.py:115} INFO - [2024-03-21 23:22:09,951] {dag.py:2919} INFO - Setting next_dagrun for bigdag to None, run_after=None
[2024-03-21 23:22:09,958] {processor.py:161} INFO - Processing /opt/airflow/dags/dags.py took 0.262 seconds
[2024-03-21 23:22:40,014] {processor.py:153} INFO - Started process (PID=1993) to work on /opt/airflow/dags/dags.py
[2024-03-21 23:22:40,015] {processor.py:641} INFO - Processing file /opt/airflow/dags/dags.py for tasks to queue
[2024-03-21 23:22:40,016] {logging_mixin.py:115} INFO - [2024-03-21 23:22:40,016] {dagbag.py:507} INFO - Filling up the DagBag from /opt/airflow/dags/dags.py
[2024-03-21 23:22:40,338] {processor.py:651} INFO - DAG(s) dict_keys(['bigdag']) retrieved from /opt/airflow/dags/dags.py
[2024-03-21 23:22:40,363] {logging_mixin.py:115} INFO - [2024-03-21 23:22:40,363] {dag.py:2371} INFO - Sync 1 DAGs
[2024-03-21 23:22:40,389] {logging_mixin.py:115} INFO - [2024-03-21 23:22:40,388] {dag.py:2919} INFO - Setting next_dagrun for bigdag to None, run_after=None
[2024-03-21 23:22:40,403] {processor.py:161} INFO - Processing /opt/airflow/dags/dags.py took 0.393 seconds
[2024-03-21 23:23:11,337] {processor.py:153} INFO - Started process (PID=2045) to work on /opt/airflow/dags/dags.py
[2024-03-21 23:23:11,338] {processor.py:641} INFO - Processing file /opt/airflow/dags/dags.py for tasks to queue
[2024-03-21 23:23:11,339] {logging_mixin.py:115} INFO - [2024-03-21 23:23:11,339] {dagbag.py:507} INFO - Filling up the DagBag from /opt/airflow/dags/dags.py
[2024-03-21 23:23:11,503] {processor.py:651} INFO - DAG(s) dict_keys(['bigdag']) retrieved from /opt/airflow/dags/dags.py
[2024-03-21 23:23:11,518] {logging_mixin.py:115} INFO - [2024-03-21 23:23:11,518] {dag.py:2371} INFO - Sync 1 DAGs
[2024-03-21 23:23:11,533] {logging_mixin.py:115} INFO - [2024-03-21 23:23:11,533] {dag.py:2919} INFO - Setting next_dagrun for bigdag to None, run_after=None
[2024-03-21 23:23:11,541] {processor.py:161} INFO - Processing /opt/airflow/dags/dags.py took 0.209 seconds
[2024-03-21 23:23:41,793] {processor.py:153} INFO - Started process (PID=2107) to work on /opt/airflow/dags/dags.py
[2024-03-21 23:23:41,794] {processor.py:641} INFO - Processing file /opt/airflow/dags/dags.py for tasks to queue
[2024-03-21 23:23:41,795] {logging_mixin.py:115} INFO - [2024-03-21 23:23:41,795] {dagbag.py:507} INFO - Filling up the DagBag from /opt/airflow/dags/dags.py
[2024-03-21 23:23:41,996] {processor.py:651} INFO - DAG(s) dict_keys(['bigdag']) retrieved from /opt/airflow/dags/dags.py
[2024-03-21 23:23:42,019] {logging_mixin.py:115} INFO - [2024-03-21 23:23:42,019] {dag.py:2371} INFO - Sync 1 DAGs
[2024-03-21 23:23:42,039] {logging_mixin.py:115} INFO - [2024-03-21 23:23:42,039] {dag.py:2919} INFO - Setting next_dagrun for bigdag to None, run_after=None
[2024-03-21 23:23:42,048] {processor.py:161} INFO - Processing /opt/airflow/dags/dags.py took 0.260 seconds
[2024-03-21 23:24:12,716] {processor.py:153} INFO - Started process (PID=2169) to work on /opt/airflow/dags/dags.py
[2024-03-21 23:24:12,717] {processor.py:641} INFO - Processing file /opt/airflow/dags/dags.py for tasks to queue
[2024-03-21 23:24:12,718] {logging_mixin.py:115} INFO - [2024-03-21 23:24:12,718] {dagbag.py:507} INFO - Filling up the DagBag from /opt/airflow/dags/dags.py
[2024-03-21 23:24:12,889] {processor.py:651} INFO - DAG(s) dict_keys(['bigdag']) retrieved from /opt/airflow/dags/dags.py
[2024-03-21 23:24:12,906] {logging_mixin.py:115} INFO - [2024-03-21 23:24:12,906] {dag.py:2371} INFO - Sync 1 DAGs
[2024-03-21 23:24:12,923] {logging_mixin.py:115} INFO - [2024-03-21 23:24:12,923] {dag.py:2919} INFO - Setting next_dagrun for bigdag to None, run_after=None
[2024-03-21 23:24:12,930] {processor.py:161} INFO - Processing /opt/airflow/dags/dags.py took 0.216 seconds
[2024-03-21 23:24:43,576] {processor.py:153} INFO - Started process (PID=2231) to work on /opt/airflow/dags/dags.py
[2024-03-21 23:24:43,577] {processor.py:641} INFO - Processing file /opt/airflow/dags/dags.py for tasks to queue
[2024-03-21 23:24:43,577] {logging_mixin.py:115} INFO - [2024-03-21 23:24:43,577] {dagbag.py:507} INFO - Filling up the DagBag from /opt/airflow/dags/dags.py
[2024-03-21 23:24:43,937] {processor.py:651} INFO - DAG(s) dict_keys(['bigdag']) retrieved from /opt/airflow/dags/dags.py
[2024-03-21 23:24:43,961] {logging_mixin.py:115} INFO - [2024-03-21 23:24:43,961] {dag.py:2371} INFO - Sync 1 DAGs
[2024-03-21 23:24:43,980] {logging_mixin.py:115} INFO - [2024-03-21 23:24:43,980] {dag.py:2919} INFO - Setting next_dagrun for bigdag to None, run_after=None
[2024-03-21 23:24:43,997] {processor.py:161} INFO - Processing /opt/airflow/dags/dags.py took 0.424 seconds
[2024-03-21 23:25:14,113] {processor.py:153} INFO - Started process (PID=2284) to work on /opt/airflow/dags/dags.py
[2024-03-21 23:25:14,114] {processor.py:641} INFO - Processing file /opt/airflow/dags/dags.py for tasks to queue
[2024-03-21 23:25:14,116] {logging_mixin.py:115} INFO - [2024-03-21 23:25:14,115] {dagbag.py:507} INFO - Filling up the DagBag from /opt/airflow/dags/dags.py
[2024-03-21 23:25:14,300] {processor.py:651} INFO - DAG(s) dict_keys(['bigdag']) retrieved from /opt/airflow/dags/dags.py
[2024-03-21 23:25:14,313] {logging_mixin.py:115} INFO - [2024-03-21 23:25:14,313] {dag.py:2371} INFO - Sync 1 DAGs
[2024-03-21 23:25:14,330] {logging_mixin.py:115} INFO - [2024-03-21 23:25:14,330] {dag.py:2919} INFO - Setting next_dagrun for bigdag to None, run_after=None
[2024-03-21 23:25:14,338] {processor.py:161} INFO - Processing /opt/airflow/dags/dags.py took 0.231 seconds
[2024-03-21 23:25:45,017] {processor.py:153} INFO - Started process (PID=2345) to work on /opt/airflow/dags/dags.py
[2024-03-21 23:25:45,018] {processor.py:641} INFO - Processing file /opt/airflow/dags/dags.py for tasks to queue
[2024-03-21 23:25:45,019] {logging_mixin.py:115} INFO - [2024-03-21 23:25:45,019] {dagbag.py:507} INFO - Filling up the DagBag from /opt/airflow/dags/dags.py
[2024-03-21 23:25:45,237] {processor.py:651} INFO - DAG(s) dict_keys(['bigdag']) retrieved from /opt/airflow/dags/dags.py
[2024-03-21 23:25:45,254] {logging_mixin.py:115} INFO - [2024-03-21 23:25:45,254] {dag.py:2371} INFO - Sync 1 DAGs
[2024-03-21 23:25:45,270] {logging_mixin.py:115} INFO - [2024-03-21 23:25:45,269] {dag.py:2919} INFO - Setting next_dagrun for bigdag to None, run_after=None
[2024-03-21 23:25:45,280] {processor.py:161} INFO - Processing /opt/airflow/dags/dags.py took 0.268 seconds
[2024-03-21 23:26:15,428] {processor.py:153} INFO - Started process (PID=2406) to work on /opt/airflow/dags/dags.py
[2024-03-21 23:26:15,429] {processor.py:641} INFO - Processing file /opt/airflow/dags/dags.py for tasks to queue
[2024-03-21 23:26:15,429] {logging_mixin.py:115} INFO - [2024-03-21 23:26:15,429] {dagbag.py:507} INFO - Filling up the DagBag from /opt/airflow/dags/dags.py
[2024-03-21 23:26:15,635] {processor.py:651} INFO - DAG(s) dict_keys(['bigdag']) retrieved from /opt/airflow/dags/dags.py
[2024-03-21 23:26:15,653] {logging_mixin.py:115} INFO - [2024-03-21 23:26:15,653] {dag.py:2371} INFO - Sync 1 DAGs
[2024-03-21 23:26:15,673] {logging_mixin.py:115} INFO - [2024-03-21 23:26:15,673] {dag.py:2919} INFO - Setting next_dagrun for bigdag to None, run_after=None
[2024-03-21 23:26:15,682] {processor.py:161} INFO - Processing /opt/airflow/dags/dags.py took 0.257 seconds
[2024-03-21 23:26:46,543] {processor.py:153} INFO - Started process (PID=2466) to work on /opt/airflow/dags/dags.py
[2024-03-21 23:26:46,545] {processor.py:641} INFO - Processing file /opt/airflow/dags/dags.py for tasks to queue
[2024-03-21 23:26:46,545] {logging_mixin.py:115} INFO - [2024-03-21 23:26:46,545] {dagbag.py:507} INFO - Filling up the DagBag from /opt/airflow/dags/dags.py
[2024-03-21 23:26:46,858] {processor.py:651} INFO - DAG(s) dict_keys(['bigdag']) retrieved from /opt/airflow/dags/dags.py
[2024-03-21 23:26:46,882] {logging_mixin.py:115} INFO - [2024-03-21 23:26:46,882] {dag.py:2371} INFO - Sync 1 DAGs
[2024-03-21 23:26:46,916] {logging_mixin.py:115} INFO - [2024-03-21 23:26:46,916] {dag.py:2919} INFO - Setting next_dagrun for bigdag to None, run_after=None
[2024-03-21 23:26:46,930] {processor.py:161} INFO - Processing /opt/airflow/dags/dags.py took 0.389 seconds
[2024-03-21 23:27:17,796] {processor.py:153} INFO - Started process (PID=2521) to work on /opt/airflow/dags/dags.py
[2024-03-21 23:27:17,797] {processor.py:641} INFO - Processing file /opt/airflow/dags/dags.py for tasks to queue
[2024-03-21 23:27:17,797] {logging_mixin.py:115} INFO - [2024-03-21 23:27:17,797] {dagbag.py:507} INFO - Filling up the DagBag from /opt/airflow/dags/dags.py
[2024-03-21 23:27:18,029] {processor.py:651} INFO - DAG(s) dict_keys(['bigdag']) retrieved from /opt/airflow/dags/dags.py
[2024-03-21 23:27:18,043] {logging_mixin.py:115} INFO - [2024-03-21 23:27:18,043] {dag.py:2371} INFO - Sync 1 DAGs
[2024-03-21 23:27:18,063] {logging_mixin.py:115} INFO - [2024-03-21 23:27:18,063] {dag.py:2919} INFO - Setting next_dagrun for bigdag to None, run_after=None
[2024-03-21 23:27:18,071] {processor.py:161} INFO - Processing /opt/airflow/dags/dags.py took 0.279 seconds
[2024-03-21 23:27:48,778] {processor.py:153} INFO - Started process (PID=2583) to work on /opt/airflow/dags/dags.py
[2024-03-21 23:27:48,780] {processor.py:641} INFO - Processing file /opt/airflow/dags/dags.py for tasks to queue
[2024-03-21 23:27:48,782] {logging_mixin.py:115} INFO - [2024-03-21 23:27:48,781] {dagbag.py:507} INFO - Filling up the DagBag from /opt/airflow/dags/dags.py
[2024-03-21 23:27:48,977] {processor.py:651} INFO - DAG(s) dict_keys(['bigdag']) retrieved from /opt/airflow/dags/dags.py
[2024-03-21 23:27:49,002] {logging_mixin.py:115} INFO - [2024-03-21 23:27:49,002] {dag.py:2371} INFO - Sync 1 DAGs
[2024-03-21 23:27:49,019] {logging_mixin.py:115} INFO - [2024-03-21 23:27:49,019] {dag.py:2919} INFO - Setting next_dagrun for bigdag to None, run_after=None
[2024-03-21 23:27:49,027] {processor.py:161} INFO - Processing /opt/airflow/dags/dags.py took 0.254 seconds
[2024-03-21 23:28:19,663] {processor.py:153} INFO - Started process (PID=2644) to work on /opt/airflow/dags/dags.py
[2024-03-21 23:28:19,664] {processor.py:641} INFO - Processing file /opt/airflow/dags/dags.py for tasks to queue
[2024-03-21 23:28:19,665] {logging_mixin.py:115} INFO - [2024-03-21 23:28:19,664] {dagbag.py:507} INFO - Filling up the DagBag from /opt/airflow/dags/dags.py
[2024-03-21 23:28:19,835] {processor.py:651} INFO - DAG(s) dict_keys(['bigdag']) retrieved from /opt/airflow/dags/dags.py
[2024-03-21 23:28:19,851] {logging_mixin.py:115} INFO - [2024-03-21 23:28:19,851] {dag.py:2371} INFO - Sync 1 DAGs
[2024-03-21 23:28:19,869] {logging_mixin.py:115} INFO - [2024-03-21 23:28:19,869] {dag.py:2919} INFO - Setting next_dagrun for bigdag to None, run_after=None
[2024-03-21 23:28:19,878] {processor.py:161} INFO - Processing /opt/airflow/dags/dags.py took 0.217 seconds
[2024-03-21 23:28:50,713] {processor.py:153} INFO - Started process (PID=2706) to work on /opt/airflow/dags/dags.py
[2024-03-21 23:28:50,714] {processor.py:641} INFO - Processing file /opt/airflow/dags/dags.py for tasks to queue
[2024-03-21 23:28:50,715] {logging_mixin.py:115} INFO - [2024-03-21 23:28:50,715] {dagbag.py:507} INFO - Filling up the DagBag from /opt/airflow/dags/dags.py
[2024-03-21 23:28:50,921] {processor.py:651} INFO - DAG(s) dict_keys(['bigdag']) retrieved from /opt/airflow/dags/dags.py
[2024-03-21 23:28:50,938] {logging_mixin.py:115} INFO - [2024-03-21 23:28:50,938] {dag.py:2371} INFO - Sync 1 DAGs
[2024-03-21 23:28:50,959] {logging_mixin.py:115} INFO - [2024-03-21 23:28:50,959] {dag.py:2919} INFO - Setting next_dagrun for bigdag to None, run_after=None
[2024-03-21 23:28:50,969] {processor.py:161} INFO - Processing /opt/airflow/dags/dags.py took 0.259 seconds
[2024-03-21 23:29:21,703] {processor.py:153} INFO - Started process (PID=2758) to work on /opt/airflow/dags/dags.py
[2024-03-21 23:29:21,705] {processor.py:641} INFO - Processing file /opt/airflow/dags/dags.py for tasks to queue
[2024-03-21 23:29:21,707] {logging_mixin.py:115} INFO - [2024-03-21 23:29:21,707] {dagbag.py:507} INFO - Filling up the DagBag from /opt/airflow/dags/dags.py
[2024-03-21 23:29:22,026] {processor.py:651} INFO - DAG(s) dict_keys(['bigdag']) retrieved from /opt/airflow/dags/dags.py
[2024-03-21 23:29:22,039] {logging_mixin.py:115} INFO - [2024-03-21 23:29:22,039] {dag.py:2371} INFO - Sync 1 DAGs
[2024-03-21 23:29:22,054] {logging_mixin.py:115} INFO - [2024-03-21 23:29:22,054] {dag.py:2919} INFO - Setting next_dagrun for bigdag to None, run_after=None
[2024-03-21 23:29:22,062] {processor.py:161} INFO - Processing /opt/airflow/dags/dags.py took 0.363 seconds
[2024-03-21 23:29:52,380] {processor.py:153} INFO - Started process (PID=2820) to work on /opt/airflow/dags/dags.py
[2024-03-21 23:29:52,381] {processor.py:641} INFO - Processing file /opt/airflow/dags/dags.py for tasks to queue
[2024-03-21 23:29:52,382] {logging_mixin.py:115} INFO - [2024-03-21 23:29:52,382] {dagbag.py:507} INFO - Filling up the DagBag from /opt/airflow/dags/dags.py
[2024-03-21 23:29:52,653] {processor.py:651} INFO - DAG(s) dict_keys(['bigdag']) retrieved from /opt/airflow/dags/dags.py
[2024-03-21 23:29:52,673] {logging_mixin.py:115} INFO - [2024-03-21 23:29:52,673] {dag.py:2371} INFO - Sync 1 DAGs
[2024-03-21 23:29:52,692] {logging_mixin.py:115} INFO - [2024-03-21 23:29:52,692] {dag.py:2919} INFO - Setting next_dagrun for bigdag to None, run_after=None
[2024-03-21 23:29:52,699] {processor.py:161} INFO - Processing /opt/airflow/dags/dags.py took 0.323 seconds
[2024-03-21 23:30:23,150] {processor.py:153} INFO - Started process (PID=2882) to work on /opt/airflow/dags/dags.py
[2024-03-21 23:30:23,152] {processor.py:641} INFO - Processing file /opt/airflow/dags/dags.py for tasks to queue
[2024-03-21 23:30:23,153] {logging_mixin.py:115} INFO - [2024-03-21 23:30:23,153] {dagbag.py:507} INFO - Filling up the DagBag from /opt/airflow/dags/dags.py
[2024-03-21 23:30:23,441] {processor.py:651} INFO - DAG(s) dict_keys(['bigdag']) retrieved from /opt/airflow/dags/dags.py
[2024-03-21 23:30:23,459] {logging_mixin.py:115} INFO - [2024-03-21 23:30:23,459] {dag.py:2371} INFO - Sync 1 DAGs
[2024-03-21 23:30:23,477] {logging_mixin.py:115} INFO - [2024-03-21 23:30:23,477] {dag.py:2919} INFO - Setting next_dagrun for bigdag to None, run_after=None
[2024-03-21 23:30:23,486] {processor.py:161} INFO - Processing /opt/airflow/dags/dags.py took 0.342 seconds
[2024-03-21 23:30:53,996] {processor.py:153} INFO - Started process (PID=2934) to work on /opt/airflow/dags/dags.py
[2024-03-21 23:30:53,997] {processor.py:641} INFO - Processing file /opt/airflow/dags/dags.py for tasks to queue
[2024-03-21 23:30:53,998] {logging_mixin.py:115} INFO - [2024-03-21 23:30:53,998] {dagbag.py:507} INFO - Filling up the DagBag from /opt/airflow/dags/dags.py
[2024-03-21 23:30:54,277] {processor.py:651} INFO - DAG(s) dict_keys(['bigdag']) retrieved from /opt/airflow/dags/dags.py
[2024-03-21 23:30:54,299] {logging_mixin.py:115} INFO - [2024-03-21 23:30:54,299] {dag.py:2371} INFO - Sync 1 DAGs
[2024-03-21 23:30:54,327] {logging_mixin.py:115} INFO - [2024-03-21 23:30:54,327] {dag.py:2919} INFO - Setting next_dagrun for bigdag to None, run_after=None
[2024-03-21 23:30:54,344] {processor.py:161} INFO - Processing /opt/airflow/dags/dags.py took 0.354 seconds
[2024-03-21 23:31:24,461] {processor.py:153} INFO - Started process (PID=2996) to work on /opt/airflow/dags/dags.py
[2024-03-21 23:31:24,465] {processor.py:641} INFO - Processing file /opt/airflow/dags/dags.py for tasks to queue
[2024-03-21 23:31:24,467] {logging_mixin.py:115} INFO - [2024-03-21 23:31:24,466] {dagbag.py:507} INFO - Filling up the DagBag from /opt/airflow/dags/dags.py
[2024-03-21 23:31:24,665] {processor.py:651} INFO - DAG(s) dict_keys(['bigdag']) retrieved from /opt/airflow/dags/dags.py
[2024-03-21 23:31:24,682] {logging_mixin.py:115} INFO - [2024-03-21 23:31:24,682] {dag.py:2371} INFO - Sync 1 DAGs
[2024-03-21 23:31:24,700] {logging_mixin.py:115} INFO - [2024-03-21 23:31:24,700] {dag.py:2919} INFO - Setting next_dagrun for bigdag to None, run_after=None
[2024-03-21 23:31:24,709] {processor.py:161} INFO - Processing /opt/airflow/dags/dags.py took 0.254 seconds
[2024-03-21 23:31:54,743] {processor.py:153} INFO - Started process (PID=3058) to work on /opt/airflow/dags/dags.py
[2024-03-21 23:31:54,746] {processor.py:641} INFO - Processing file /opt/airflow/dags/dags.py for tasks to queue
[2024-03-21 23:31:54,748] {logging_mixin.py:115} INFO - [2024-03-21 23:31:54,748] {dagbag.py:507} INFO - Filling up the DagBag from /opt/airflow/dags/dags.py
[2024-03-21 23:31:55,418] {processor.py:651} INFO - DAG(s) dict_keys(['bigdag']) retrieved from /opt/airflow/dags/dags.py
[2024-03-21 23:31:55,461] {logging_mixin.py:115} INFO - [2024-03-21 23:31:55,461] {dag.py:2371} INFO - Sync 1 DAGs
[2024-03-21 23:31:55,479] {logging_mixin.py:115} INFO - [2024-03-21 23:31:55,479] {dag.py:2919} INFO - Setting next_dagrun for bigdag to None, run_after=None
[2024-03-21 23:31:55,490] {processor.py:161} INFO - Processing /opt/airflow/dags/dags.py took 0.753 seconds
[2024-03-21 23:32:25,901] {processor.py:153} INFO - Started process (PID=3111) to work on /opt/airflow/dags/dags.py
[2024-03-21 23:32:25,902] {processor.py:641} INFO - Processing file /opt/airflow/dags/dags.py for tasks to queue
[2024-03-21 23:32:25,903] {logging_mixin.py:115} INFO - [2024-03-21 23:32:25,903] {dagbag.py:507} INFO - Filling up the DagBag from /opt/airflow/dags/dags.py
[2024-03-21 23:32:26,458] {processor.py:651} INFO - DAG(s) dict_keys(['bigdag']) retrieved from /opt/airflow/dags/dags.py
[2024-03-21 23:32:26,489] {logging_mixin.py:115} INFO - [2024-03-21 23:32:26,489] {dag.py:2371} INFO - Sync 1 DAGs
[2024-03-21 23:32:26,519] {logging_mixin.py:115} INFO - [2024-03-21 23:32:26,519] {dag.py:2919} INFO - Setting next_dagrun for bigdag to None, run_after=None
[2024-03-21 23:32:26,543] {processor.py:161} INFO - Processing /opt/airflow/dags/dags.py took 0.650 seconds
[2024-03-21 23:32:56,598] {processor.py:153} INFO - Started process (PID=3172) to work on /opt/airflow/dags/dags.py
[2024-03-21 23:32:56,599] {processor.py:641} INFO - Processing file /opt/airflow/dags/dags.py for tasks to queue
[2024-03-21 23:32:56,599] {logging_mixin.py:115} INFO - [2024-03-21 23:32:56,599] {dagbag.py:507} INFO - Filling up the DagBag from /opt/airflow/dags/dags.py
[2024-03-21 23:32:56,797] {processor.py:651} INFO - DAG(s) dict_keys(['bigdag']) retrieved from /opt/airflow/dags/dags.py
[2024-03-21 23:32:56,818] {logging_mixin.py:115} INFO - [2024-03-21 23:32:56,818] {dag.py:2371} INFO - Sync 1 DAGs
[2024-03-21 23:32:56,836] {logging_mixin.py:115} INFO - [2024-03-21 23:32:56,836] {dag.py:2919} INFO - Setting next_dagrun for bigdag to None, run_after=None
[2024-03-21 23:32:56,843] {processor.py:161} INFO - Processing /opt/airflow/dags/dags.py took 0.248 seconds
[2024-03-21 23:33:27,565] {processor.py:153} INFO - Started process (PID=3232) to work on /opt/airflow/dags/dags.py
[2024-03-21 23:33:27,565] {processor.py:641} INFO - Processing file /opt/airflow/dags/dags.py for tasks to queue
[2024-03-21 23:33:27,566] {logging_mixin.py:115} INFO - [2024-03-21 23:33:27,566] {dagbag.py:507} INFO - Filling up the DagBag from /opt/airflow/dags/dags.py
[2024-03-21 23:33:27,719] {processor.py:651} INFO - DAG(s) dict_keys(['bigdag']) retrieved from /opt/airflow/dags/dags.py
[2024-03-21 23:33:27,733] {logging_mixin.py:115} INFO - [2024-03-21 23:33:27,733] {dag.py:2371} INFO - Sync 1 DAGs
[2024-03-21 23:33:27,746] {logging_mixin.py:115} INFO - [2024-03-21 23:33:27,746] {dag.py:2919} INFO - Setting next_dagrun for bigdag to None, run_after=None
[2024-03-21 23:33:27,757] {processor.py:161} INFO - Processing /opt/airflow/dags/dags.py took 0.195 seconds
[2024-03-21 23:33:58,346] {processor.py:153} INFO - Started process (PID=3285) to work on /opt/airflow/dags/dags.py
[2024-03-21 23:33:58,347] {processor.py:641} INFO - Processing file /opt/airflow/dags/dags.py for tasks to queue
[2024-03-21 23:33:58,348] {logging_mixin.py:115} INFO - [2024-03-21 23:33:58,348] {dagbag.py:507} INFO - Filling up the DagBag from /opt/airflow/dags/dags.py
[2024-03-21 23:33:58,641] {processor.py:651} INFO - DAG(s) dict_keys(['bigdag']) retrieved from /opt/airflow/dags/dags.py
[2024-03-21 23:33:58,671] {logging_mixin.py:115} INFO - [2024-03-21 23:33:58,671] {dag.py:2371} INFO - Sync 1 DAGs
[2024-03-21 23:33:58,707] {logging_mixin.py:115} INFO - [2024-03-21 23:33:58,706] {dag.py:2919} INFO - Setting next_dagrun for bigdag to None, run_after=None
[2024-03-21 23:33:58,736] {processor.py:161} INFO - Processing /opt/airflow/dags/dags.py took 0.394 seconds
[2024-03-21 23:34:28,903] {processor.py:153} INFO - Started process (PID=3345) to work on /opt/airflow/dags/dags.py
[2024-03-21 23:34:28,905] {processor.py:641} INFO - Processing file /opt/airflow/dags/dags.py for tasks to queue
[2024-03-21 23:34:28,907] {logging_mixin.py:115} INFO - [2024-03-21 23:34:28,906] {dagbag.py:507} INFO - Filling up the DagBag from /opt/airflow/dags/dags.py
[2024-03-21 23:34:29,212] {processor.py:651} INFO - DAG(s) dict_keys(['bigdag']) retrieved from /opt/airflow/dags/dags.py
[2024-03-21 23:34:29,232] {logging_mixin.py:115} INFO - [2024-03-21 23:34:29,232] {dag.py:2371} INFO - Sync 1 DAGs
[2024-03-21 23:34:29,257] {logging_mixin.py:115} INFO - [2024-03-21 23:34:29,257] {dag.py:2919} INFO - Setting next_dagrun for bigdag to None, run_after=None
[2024-03-21 23:34:29,267] {processor.py:161} INFO - Processing /opt/airflow/dags/dags.py took 0.385 seconds
[2024-03-21 23:34:59,500] {processor.py:153} INFO - Started process (PID=3397) to work on /opt/airflow/dags/dags.py
[2024-03-21 23:34:59,502] {processor.py:641} INFO - Processing file /opt/airflow/dags/dags.py for tasks to queue
[2024-03-21 23:34:59,503] {logging_mixin.py:115} INFO - [2024-03-21 23:34:59,503] {dagbag.py:507} INFO - Filling up the DagBag from /opt/airflow/dags/dags.py
[2024-03-21 23:34:59,887] {processor.py:651} INFO - DAG(s) dict_keys(['bigdag']) retrieved from /opt/airflow/dags/dags.py
[2024-03-21 23:34:59,909] {logging_mixin.py:115} INFO - [2024-03-21 23:34:59,908] {dag.py:2371} INFO - Sync 1 DAGs
[2024-03-21 23:34:59,930] {logging_mixin.py:115} INFO - [2024-03-21 23:34:59,930] {dag.py:2919} INFO - Setting next_dagrun for bigdag to None, run_after=None
[2024-03-21 23:34:59,939] {processor.py:161} INFO - Processing /opt/airflow/dags/dags.py took 0.446 seconds
[2024-03-21 23:35:30,146] {processor.py:153} INFO - Started process (PID=3459) to work on /opt/airflow/dags/dags.py
[2024-03-21 23:35:30,150] {processor.py:641} INFO - Processing file /opt/airflow/dags/dags.py for tasks to queue
[2024-03-21 23:35:30,152] {logging_mixin.py:115} INFO - [2024-03-21 23:35:30,151] {dagbag.py:507} INFO - Filling up the DagBag from /opt/airflow/dags/dags.py
[2024-03-21 23:35:30,324] {processor.py:651} INFO - DAG(s) dict_keys(['bigdag']) retrieved from /opt/airflow/dags/dags.py
[2024-03-21 23:35:30,339] {logging_mixin.py:115} INFO - [2024-03-21 23:35:30,339] {dag.py:2371} INFO - Sync 1 DAGs
[2024-03-21 23:35:30,355] {logging_mixin.py:115} INFO - [2024-03-21 23:35:30,355] {dag.py:2919} INFO - Setting next_dagrun for bigdag to None, run_after=None
[2024-03-21 23:35:30,363] {processor.py:161} INFO - Processing /opt/airflow/dags/dags.py took 0.222 seconds
[2024-03-21 23:36:01,041] {processor.py:153} INFO - Started process (PID=3518) to work on /opt/airflow/dags/dags.py
[2024-03-21 23:36:01,042] {processor.py:641} INFO - Processing file /opt/airflow/dags/dags.py for tasks to queue
[2024-03-21 23:36:01,043] {logging_mixin.py:115} INFO - [2024-03-21 23:36:01,043] {dagbag.py:507} INFO - Filling up the DagBag from /opt/airflow/dags/dags.py
[2024-03-21 23:36:01,234] {processor.py:651} INFO - DAG(s) dict_keys(['bigdag']) retrieved from /opt/airflow/dags/dags.py
[2024-03-21 23:36:01,253] {logging_mixin.py:115} INFO - [2024-03-21 23:36:01,253] {dag.py:2371} INFO - Sync 1 DAGs
[2024-03-21 23:36:01,271] {logging_mixin.py:115} INFO - [2024-03-21 23:36:01,271] {dag.py:2919} INFO - Setting next_dagrun for bigdag to None, run_after=None
[2024-03-21 23:36:01,282] {processor.py:161} INFO - Processing /opt/airflow/dags/dags.py took 0.243 seconds
[2024-03-21 23:36:31,394] {processor.py:153} INFO - Started process (PID=3573) to work on /opt/airflow/dags/dags.py
[2024-03-21 23:36:31,396] {processor.py:641} INFO - Processing file /opt/airflow/dags/dags.py for tasks to queue
[2024-03-21 23:36:31,397] {logging_mixin.py:115} INFO - [2024-03-21 23:36:31,397] {dagbag.py:507} INFO - Filling up the DagBag from /opt/airflow/dags/dags.py
[2024-03-21 23:36:31,723] {processor.py:651} INFO - DAG(s) dict_keys(['bigdag']) retrieved from /opt/airflow/dags/dags.py
[2024-03-21 23:36:31,765] {logging_mixin.py:115} INFO - [2024-03-21 23:36:31,765] {dag.py:2371} INFO - Sync 1 DAGs
[2024-03-21 23:36:31,809] {logging_mixin.py:115} INFO - [2024-03-21 23:36:31,808] {dag.py:2919} INFO - Setting next_dagrun for bigdag to None, run_after=None
[2024-03-21 23:36:31,833] {processor.py:161} INFO - Processing /opt/airflow/dags/dags.py took 0.442 seconds
[2024-03-21 23:37:02,231] {processor.py:153} INFO - Started process (PID=3634) to work on /opt/airflow/dags/dags.py
[2024-03-21 23:37:02,233] {processor.py:641} INFO - Processing file /opt/airflow/dags/dags.py for tasks to queue
[2024-03-21 23:37:02,234] {logging_mixin.py:115} INFO - [2024-03-21 23:37:02,234] {dagbag.py:507} INFO - Filling up the DagBag from /opt/airflow/dags/dags.py
[2024-03-21 23:37:02,600] {processor.py:651} INFO - DAG(s) dict_keys(['bigdag']) retrieved from /opt/airflow/dags/dags.py
[2024-03-21 23:37:02,626] {logging_mixin.py:115} INFO - [2024-03-21 23:37:02,626] {dag.py:2371} INFO - Sync 1 DAGs
[2024-03-21 23:37:02,653] {logging_mixin.py:115} INFO - [2024-03-21 23:37:02,653] {dag.py:2919} INFO - Setting next_dagrun for bigdag to None, run_after=None
[2024-03-21 23:37:02,667] {processor.py:161} INFO - Processing /opt/airflow/dags/dags.py took 0.439 seconds
[2024-03-21 23:37:32,881] {processor.py:153} INFO - Started process (PID=3687) to work on /opt/airflow/dags/dags.py
[2024-03-21 23:37:32,882] {processor.py:641} INFO - Processing file /opt/airflow/dags/dags.py for tasks to queue
[2024-03-21 23:37:32,883] {logging_mixin.py:115} INFO - [2024-03-21 23:37:32,883] {dagbag.py:507} INFO - Filling up the DagBag from /opt/airflow/dags/dags.py
[2024-03-21 23:37:33,173] {processor.py:651} INFO - DAG(s) dict_keys(['bigdag']) retrieved from /opt/airflow/dags/dags.py
[2024-03-21 23:37:33,200] {logging_mixin.py:115} INFO - [2024-03-21 23:37:33,200] {dag.py:2371} INFO - Sync 1 DAGs
[2024-03-21 23:37:33,222] {logging_mixin.py:115} INFO - [2024-03-21 23:37:33,222] {dag.py:2919} INFO - Setting next_dagrun for bigdag to None, run_after=None
[2024-03-21 23:37:33,289] {processor.py:161} INFO - Processing /opt/airflow/dags/dags.py took 0.411 seconds
[2024-03-21 23:38:03,441] {processor.py:153} INFO - Started process (PID=3749) to work on /opt/airflow/dags/dags.py
[2024-03-21 23:38:03,442] {processor.py:641} INFO - Processing file /opt/airflow/dags/dags.py for tasks to queue
[2024-03-21 23:38:03,443] {logging_mixin.py:115} INFO - [2024-03-21 23:38:03,443] {dagbag.py:507} INFO - Filling up the DagBag from /opt/airflow/dags/dags.py
[2024-03-21 23:38:03,775] {processor.py:651} INFO - DAG(s) dict_keys(['bigdag']) retrieved from /opt/airflow/dags/dags.py
[2024-03-21 23:38:03,821] {logging_mixin.py:115} INFO - [2024-03-21 23:38:03,821] {dag.py:2371} INFO - Sync 1 DAGs
[2024-03-21 23:38:03,868] {logging_mixin.py:115} INFO - [2024-03-21 23:38:03,867] {dag.py:2919} INFO - Setting next_dagrun for bigdag to None, run_after=None
[2024-03-21 23:38:03,902] {processor.py:161} INFO - Processing /opt/airflow/dags/dags.py took 0.468 seconds
[2024-03-21 23:38:34,372] {processor.py:153} INFO - Started process (PID=3802) to work on /opt/airflow/dags/dags.py
[2024-03-21 23:38:34,373] {processor.py:641} INFO - Processing file /opt/airflow/dags/dags.py for tasks to queue
[2024-03-21 23:38:34,374] {logging_mixin.py:115} INFO - [2024-03-21 23:38:34,374] {dagbag.py:507} INFO - Filling up the DagBag from /opt/airflow/dags/dags.py
[2024-03-21 23:38:34,679] {processor.py:651} INFO - DAG(s) dict_keys(['bigdag']) retrieved from /opt/airflow/dags/dags.py
[2024-03-21 23:38:34,698] {logging_mixin.py:115} INFO - [2024-03-21 23:38:34,698] {dag.py:2371} INFO - Sync 1 DAGs
[2024-03-21 23:38:34,717] {logging_mixin.py:115} INFO - [2024-03-21 23:38:34,717] {dag.py:2919} INFO - Setting next_dagrun for bigdag to None, run_after=None
[2024-03-21 23:38:34,728] {processor.py:161} INFO - Processing /opt/airflow/dags/dags.py took 0.358 seconds
[2024-03-21 23:39:05,065] {processor.py:153} INFO - Started process (PID=3864) to work on /opt/airflow/dags/dags.py
[2024-03-21 23:39:05,066] {processor.py:641} INFO - Processing file /opt/airflow/dags/dags.py for tasks to queue
[2024-03-21 23:39:05,068] {logging_mixin.py:115} INFO - [2024-03-21 23:39:05,068] {dagbag.py:507} INFO - Filling up the DagBag from /opt/airflow/dags/dags.py
[2024-03-21 23:39:05,246] {processor.py:651} INFO - DAG(s) dict_keys(['bigdag']) retrieved from /opt/airflow/dags/dags.py
[2024-03-21 23:39:05,263] {logging_mixin.py:115} INFO - [2024-03-21 23:39:05,263] {dag.py:2371} INFO - Sync 1 DAGs
[2024-03-21 23:39:05,278] {logging_mixin.py:115} INFO - [2024-03-21 23:39:05,278] {dag.py:2919} INFO - Setting next_dagrun for bigdag to None, run_after=None
[2024-03-21 23:39:05,286] {processor.py:161} INFO - Processing /opt/airflow/dags/dags.py took 0.225 seconds
[2024-03-21 23:39:35,483] {processor.py:153} INFO - Started process (PID=3926) to work on /opt/airflow/dags/dags.py
[2024-03-21 23:39:35,484] {processor.py:641} INFO - Processing file /opt/airflow/dags/dags.py for tasks to queue
[2024-03-21 23:39:35,484] {logging_mixin.py:115} INFO - [2024-03-21 23:39:35,484] {dagbag.py:507} INFO - Filling up the DagBag from /opt/airflow/dags/dags.py
[2024-03-21 23:39:35,823] {processor.py:651} INFO - DAG(s) dict_keys(['bigdag']) retrieved from /opt/airflow/dags/dags.py
[2024-03-21 23:39:35,867] {logging_mixin.py:115} INFO - [2024-03-21 23:39:35,867] {dag.py:2371} INFO - Sync 1 DAGs
[2024-03-21 23:39:35,896] {logging_mixin.py:115} INFO - [2024-03-21 23:39:35,896] {dag.py:2919} INFO - Setting next_dagrun for bigdag to None, run_after=None
[2024-03-21 23:39:35,909] {processor.py:161} INFO - Processing /opt/airflow/dags/dags.py took 0.436 seconds
[2024-03-21 23:40:06,218] {processor.py:153} INFO - Started process (PID=3988) to work on /opt/airflow/dags/dags.py
[2024-03-21 23:40:06,220] {processor.py:641} INFO - Processing file /opt/airflow/dags/dags.py for tasks to queue
[2024-03-21 23:40:06,221] {logging_mixin.py:115} INFO - [2024-03-21 23:40:06,221] {dagbag.py:507} INFO - Filling up the DagBag from /opt/airflow/dags/dags.py
[2024-03-21 23:40:06,446] {processor.py:651} INFO - DAG(s) dict_keys(['bigdag']) retrieved from /opt/airflow/dags/dags.py
[2024-03-21 23:40:06,464] {logging_mixin.py:115} INFO - [2024-03-21 23:40:06,464] {dag.py:2371} INFO - Sync 1 DAGs
[2024-03-21 23:40:06,478] {logging_mixin.py:115} INFO - [2024-03-21 23:40:06,478] {dag.py:2919} INFO - Setting next_dagrun for bigdag to None, run_after=None
[2024-03-21 23:40:06,486] {processor.py:161} INFO - Processing /opt/airflow/dags/dags.py took 0.273 seconds
[2024-03-21 23:40:36,743] {processor.py:153} INFO - Started process (PID=4041) to work on /opt/airflow/dags/dags.py
[2024-03-21 23:40:36,744] {processor.py:641} INFO - Processing file /opt/airflow/dags/dags.py for tasks to queue
[2024-03-21 23:40:36,745] {logging_mixin.py:115} INFO - [2024-03-21 23:40:36,745] {dagbag.py:507} INFO - Filling up the DagBag from /opt/airflow/dags/dags.py
[2024-03-21 23:40:36,945] {processor.py:651} INFO - DAG(s) dict_keys(['bigdag']) retrieved from /opt/airflow/dags/dags.py
[2024-03-21 23:40:36,964] {logging_mixin.py:115} INFO - [2024-03-21 23:40:36,964] {dag.py:2371} INFO - Sync 1 DAGs
[2024-03-21 23:40:36,981] {logging_mixin.py:115} INFO - [2024-03-21 23:40:36,980] {dag.py:2919} INFO - Setting next_dagrun for bigdag to None, run_after=None
[2024-03-21 23:40:36,989] {processor.py:161} INFO - Processing /opt/airflow/dags/dags.py took 0.248 seconds
[2024-03-21 23:41:07,080] {processor.py:153} INFO - Started process (PID=4103) to work on /opt/airflow/dags/dags.py
[2024-03-21 23:41:07,082] {processor.py:641} INFO - Processing file /opt/airflow/dags/dags.py for tasks to queue
[2024-03-21 23:41:07,083] {logging_mixin.py:115} INFO - [2024-03-21 23:41:07,083] {dagbag.py:507} INFO - Filling up the DagBag from /opt/airflow/dags/dags.py
[2024-03-21 23:41:07,340] {processor.py:651} INFO - DAG(s) dict_keys(['bigdag']) retrieved from /opt/airflow/dags/dags.py
[2024-03-21 23:41:07,360] {logging_mixin.py:115} INFO - [2024-03-21 23:41:07,360] {dag.py:2371} INFO - Sync 1 DAGs
[2024-03-21 23:41:07,379] {logging_mixin.py:115} INFO - [2024-03-21 23:41:07,378] {dag.py:2919} INFO - Setting next_dagrun for bigdag to None, run_after=None
[2024-03-21 23:41:07,390] {processor.py:161} INFO - Processing /opt/airflow/dags/dags.py took 0.315 seconds
[2024-03-21 23:41:37,513] {processor.py:153} INFO - Started process (PID=4165) to work on /opt/airflow/dags/dags.py
[2024-03-21 23:41:37,518] {processor.py:641} INFO - Processing file /opt/airflow/dags/dags.py for tasks to queue
[2024-03-21 23:41:37,519] {logging_mixin.py:115} INFO - [2024-03-21 23:41:37,519] {dagbag.py:507} INFO - Filling up the DagBag from /opt/airflow/dags/dags.py
[2024-03-21 23:41:37,718] {processor.py:651} INFO - DAG(s) dict_keys(['bigdag']) retrieved from /opt/airflow/dags/dags.py
[2024-03-21 23:41:37,733] {logging_mixin.py:115} INFO - [2024-03-21 23:41:37,733] {dag.py:2371} INFO - Sync 1 DAGs
[2024-03-21 23:41:37,746] {logging_mixin.py:115} INFO - [2024-03-21 23:41:37,746] {dag.py:2919} INFO - Setting next_dagrun for bigdag to None, run_after=None
[2024-03-21 23:41:37,756] {processor.py:161} INFO - Processing /opt/airflow/dags/dags.py took 0.246 seconds
[2024-03-21 23:42:07,907] {processor.py:153} INFO - Started process (PID=4218) to work on /opt/airflow/dags/dags.py
[2024-03-21 23:42:07,909] {processor.py:641} INFO - Processing file /opt/airflow/dags/dags.py for tasks to queue
[2024-03-21 23:42:07,909] {logging_mixin.py:115} INFO - [2024-03-21 23:42:07,909] {dagbag.py:507} INFO - Filling up the DagBag from /opt/airflow/dags/dags.py
[2024-03-21 23:42:08,143] {processor.py:651} INFO - DAG(s) dict_keys(['bigdag']) retrieved from /opt/airflow/dags/dags.py
[2024-03-21 23:42:08,166] {logging_mixin.py:115} INFO - [2024-03-21 23:42:08,166] {dag.py:2371} INFO - Sync 1 DAGs
[2024-03-21 23:42:08,184] {logging_mixin.py:115} INFO - [2024-03-21 23:42:08,184] {dag.py:2919} INFO - Setting next_dagrun for bigdag to None, run_after=None
[2024-03-21 23:42:08,193] {processor.py:161} INFO - Processing /opt/airflow/dags/dags.py took 0.291 seconds
[2024-03-21 23:42:38,245] {processor.py:153} INFO - Started process (PID=4280) to work on /opt/airflow/dags/dags.py
[2024-03-21 23:42:38,246] {processor.py:641} INFO - Processing file /opt/airflow/dags/dags.py for tasks to queue
[2024-03-21 23:42:38,246] {logging_mixin.py:115} INFO - [2024-03-21 23:42:38,246] {dagbag.py:507} INFO - Filling up the DagBag from /opt/airflow/dags/dags.py
[2024-03-21 23:42:38,439] {processor.py:651} INFO - DAG(s) dict_keys(['bigdag']) retrieved from /opt/airflow/dags/dags.py
[2024-03-21 23:42:38,455] {logging_mixin.py:115} INFO - [2024-03-21 23:42:38,455] {dag.py:2371} INFO - Sync 1 DAGs
[2024-03-21 23:42:38,471] {logging_mixin.py:115} INFO - [2024-03-21 23:42:38,471] {dag.py:2919} INFO - Setting next_dagrun for bigdag to None, run_after=None
[2024-03-21 23:42:38,479] {processor.py:161} INFO - Processing /opt/airflow/dags/dags.py took 0.236 seconds
[2024-03-21 23:43:09,104] {processor.py:153} INFO - Started process (PID=4341) to work on /opt/airflow/dags/dags.py
[2024-03-21 23:43:09,104] {processor.py:641} INFO - Processing file /opt/airflow/dags/dags.py for tasks to queue
[2024-03-21 23:43:09,105] {logging_mixin.py:115} INFO - [2024-03-21 23:43:09,105] {dagbag.py:507} INFO - Filling up the DagBag from /opt/airflow/dags/dags.py
[2024-03-21 23:43:09,287] {processor.py:651} INFO - DAG(s) dict_keys(['bigdag']) retrieved from /opt/airflow/dags/dags.py
[2024-03-21 23:43:09,305] {logging_mixin.py:115} INFO - [2024-03-21 23:43:09,305] {dag.py:2371} INFO - Sync 1 DAGs
[2024-03-21 23:43:09,321] {logging_mixin.py:115} INFO - [2024-03-21 23:43:09,321] {dag.py:2919} INFO - Setting next_dagrun for bigdag to None, run_after=None
[2024-03-21 23:43:09,330] {processor.py:161} INFO - Processing /opt/airflow/dags/dags.py took 0.229 seconds
[2024-03-21 23:43:39,560] {processor.py:153} INFO - Started process (PID=4394) to work on /opt/airflow/dags/dags.py
[2024-03-21 23:43:39,561] {processor.py:641} INFO - Processing file /opt/airflow/dags/dags.py for tasks to queue
[2024-03-21 23:43:39,562] {logging_mixin.py:115} INFO - [2024-03-21 23:43:39,562] {dagbag.py:507} INFO - Filling up the DagBag from /opt/airflow/dags/dags.py
[2024-03-21 23:43:39,806] {processor.py:651} INFO - DAG(s) dict_keys(['bigdag']) retrieved from /opt/airflow/dags/dags.py
[2024-03-21 23:43:39,830] {logging_mixin.py:115} INFO - [2024-03-21 23:43:39,830] {dag.py:2371} INFO - Sync 1 DAGs
[2024-03-21 23:43:39,857] {logging_mixin.py:115} INFO - [2024-03-21 23:43:39,857] {dag.py:2919} INFO - Setting next_dagrun for bigdag to None, run_after=None
[2024-03-21 23:43:39,871] {processor.py:161} INFO - Processing /opt/airflow/dags/dags.py took 0.314 seconds
[2024-03-21 23:44:10,142] {processor.py:153} INFO - Started process (PID=4456) to work on /opt/airflow/dags/dags.py
[2024-03-21 23:44:10,144] {processor.py:641} INFO - Processing file /opt/airflow/dags/dags.py for tasks to queue
[2024-03-21 23:44:10,145] {logging_mixin.py:115} INFO - [2024-03-21 23:44:10,145] {dagbag.py:507} INFO - Filling up the DagBag from /opt/airflow/dags/dags.py
[2024-03-21 23:44:10,485] {processor.py:651} INFO - DAG(s) dict_keys(['bigdag']) retrieved from /opt/airflow/dags/dags.py
[2024-03-21 23:44:10,512] {logging_mixin.py:115} INFO - [2024-03-21 23:44:10,512] {dag.py:2371} INFO - Sync 1 DAGs
[2024-03-21 23:44:10,538] {logging_mixin.py:115} INFO - [2024-03-21 23:44:10,538] {dag.py:2919} INFO - Setting next_dagrun for bigdag to None, run_after=None
[2024-03-21 23:44:10,556] {processor.py:161} INFO - Processing /opt/airflow/dags/dags.py took 0.422 seconds
[2024-03-21 23:44:40,861] {processor.py:153} INFO - Started process (PID=4509) to work on /opt/airflow/dags/dags.py
[2024-03-21 23:44:40,863] {processor.py:641} INFO - Processing file /opt/airflow/dags/dags.py for tasks to queue
[2024-03-21 23:44:40,865] {logging_mixin.py:115} INFO - [2024-03-21 23:44:40,865] {dagbag.py:507} INFO - Filling up the DagBag from /opt/airflow/dags/dags.py
[2024-03-21 23:44:42,055] {processor.py:651} INFO - DAG(s) dict_keys(['bigdag']) retrieved from /opt/airflow/dags/dags.py
[2024-03-21 23:44:42,091] {logging_mixin.py:115} INFO - [2024-03-21 23:44:42,091] {dag.py:2371} INFO - Sync 1 DAGs
[2024-03-21 23:44:42,121] {logging_mixin.py:115} INFO - [2024-03-21 23:44:42,121] {dag.py:2919} INFO - Setting next_dagrun for bigdag to None, run_after=None
[2024-03-21 23:44:42,134] {processor.py:161} INFO - Processing /opt/airflow/dags/dags.py took 1.289 seconds
[2024-03-21 23:45:12,804] {processor.py:153} INFO - Started process (PID=4571) to work on /opt/airflow/dags/dags.py
[2024-03-21 23:45:12,807] {processor.py:641} INFO - Processing file /opt/airflow/dags/dags.py for tasks to queue
[2024-03-21 23:45:12,809] {logging_mixin.py:115} INFO - [2024-03-21 23:45:12,808] {dagbag.py:507} INFO - Filling up the DagBag from /opt/airflow/dags/dags.py
[2024-03-21 23:45:13,069] {processor.py:651} INFO - DAG(s) dict_keys(['bigdag']) retrieved from /opt/airflow/dags/dags.py
[2024-03-21 23:45:13,090] {logging_mixin.py:115} INFO - [2024-03-21 23:45:13,089] {dag.py:2371} INFO - Sync 1 DAGs
[2024-03-21 23:45:13,108] {logging_mixin.py:115} INFO - [2024-03-21 23:45:13,108] {dag.py:2919} INFO - Setting next_dagrun for bigdag to None, run_after=None
[2024-03-21 23:45:13,117] {processor.py:161} INFO - Processing /opt/airflow/dags/dags.py took 0.318 seconds
[2024-03-21 23:45:43,439] {processor.py:153} INFO - Started process (PID=4624) to work on /opt/airflow/dags/dags.py
[2024-03-21 23:45:43,441] {processor.py:641} INFO - Processing file /opt/airflow/dags/dags.py for tasks to queue
[2024-03-21 23:45:43,442] {logging_mixin.py:115} INFO - [2024-03-21 23:45:43,442] {dagbag.py:507} INFO - Filling up the DagBag from /opt/airflow/dags/dags.py
[2024-03-21 23:45:43,615] {processor.py:651} INFO - DAG(s) dict_keys(['bigdag']) retrieved from /opt/airflow/dags/dags.py
[2024-03-21 23:45:43,628] {logging_mixin.py:115} INFO - [2024-03-21 23:45:43,628] {dag.py:2371} INFO - Sync 1 DAGs
[2024-03-21 23:45:43,642] {logging_mixin.py:115} INFO - [2024-03-21 23:45:43,642] {dag.py:2919} INFO - Setting next_dagrun for bigdag to None, run_after=None
[2024-03-21 23:45:43,649] {processor.py:161} INFO - Processing /opt/airflow/dags/dags.py took 0.215 seconds
[2024-03-21 23:46:13,855] {processor.py:153} INFO - Started process (PID=4686) to work on /opt/airflow/dags/dags.py
[2024-03-21 23:46:13,856] {processor.py:641} INFO - Processing file /opt/airflow/dags/dags.py for tasks to queue
[2024-03-21 23:46:13,856] {logging_mixin.py:115} INFO - [2024-03-21 23:46:13,856] {dagbag.py:507} INFO - Filling up the DagBag from /opt/airflow/dags/dags.py
[2024-03-21 23:46:14,087] {processor.py:651} INFO - DAG(s) dict_keys(['bigdag']) retrieved from /opt/airflow/dags/dags.py
[2024-03-21 23:46:14,112] {logging_mixin.py:115} INFO - [2024-03-21 23:46:14,112] {dag.py:2371} INFO - Sync 1 DAGs
[2024-03-21 23:46:14,142] {logging_mixin.py:115} INFO - [2024-03-21 23:46:14,142] {dag.py:2919} INFO - Setting next_dagrun for bigdag to None, run_after=None
[2024-03-21 23:46:14,157] {processor.py:161} INFO - Processing /opt/airflow/dags/dags.py took 0.308 seconds
[2024-03-21 23:46:44,661] {processor.py:153} INFO - Started process (PID=4747) to work on /opt/airflow/dags/dags.py
[2024-03-21 23:46:44,663] {processor.py:641} INFO - Processing file /opt/airflow/dags/dags.py for tasks to queue
[2024-03-21 23:46:44,665] {logging_mixin.py:115} INFO - [2024-03-21 23:46:44,665] {dagbag.py:507} INFO - Filling up the DagBag from /opt/airflow/dags/dags.py
[2024-03-21 23:46:44,877] {processor.py:651} INFO - DAG(s) dict_keys(['bigdag']) retrieved from /opt/airflow/dags/dags.py
[2024-03-21 23:46:44,899] {logging_mixin.py:115} INFO - [2024-03-21 23:46:44,898] {dag.py:2371} INFO - Sync 1 DAGs
[2024-03-21 23:46:44,920] {logging_mixin.py:115} INFO - [2024-03-21 23:46:44,920] {dag.py:2919} INFO - Setting next_dagrun for bigdag to None, run_after=None
[2024-03-21 23:46:44,931] {processor.py:161} INFO - Processing /opt/airflow/dags/dags.py took 0.273 seconds
[2024-03-21 23:47:15,278] {processor.py:153} INFO - Started process (PID=4809) to work on /opt/airflow/dags/dags.py
[2024-03-21 23:47:15,279] {processor.py:641} INFO - Processing file /opt/airflow/dags/dags.py for tasks to queue
[2024-03-21 23:47:15,280] {logging_mixin.py:115} INFO - [2024-03-21 23:47:15,280] {dagbag.py:507} INFO - Filling up the DagBag from /opt/airflow/dags/dags.py
[2024-03-21 23:47:15,539] {processor.py:651} INFO - DAG(s) dict_keys(['bigdag']) retrieved from /opt/airflow/dags/dags.py
[2024-03-21 23:47:15,559] {logging_mixin.py:115} INFO - [2024-03-21 23:47:15,559] {dag.py:2371} INFO - Sync 1 DAGs
[2024-03-21 23:47:15,578] {logging_mixin.py:115} INFO - [2024-03-21 23:47:15,577] {dag.py:2919} INFO - Setting next_dagrun for bigdag to None, run_after=None
[2024-03-21 23:47:15,591] {processor.py:161} INFO - Processing /opt/airflow/dags/dags.py took 0.316 seconds
[2024-03-21 23:47:46,312] {processor.py:153} INFO - Started process (PID=4861) to work on /opt/airflow/dags/dags.py
[2024-03-21 23:47:46,312] {processor.py:641} INFO - Processing file /opt/airflow/dags/dags.py for tasks to queue
[2024-03-21 23:47:46,313] {logging_mixin.py:115} INFO - [2024-03-21 23:47:46,313] {dagbag.py:507} INFO - Filling up the DagBag from /opt/airflow/dags/dags.py
[2024-03-21 23:47:46,511] {processor.py:651} INFO - DAG(s) dict_keys(['bigdag']) retrieved from /opt/airflow/dags/dags.py
[2024-03-21 23:47:46,528] {logging_mixin.py:115} INFO - [2024-03-21 23:47:46,527] {dag.py:2371} INFO - Sync 1 DAGs
[2024-03-21 23:47:46,544] {logging_mixin.py:115} INFO - [2024-03-21 23:47:46,544] {dag.py:2919} INFO - Setting next_dagrun for bigdag to None, run_after=None
[2024-03-21 23:47:46,554] {processor.py:161} INFO - Processing /opt/airflow/dags/dags.py took 0.245 seconds
[2024-03-21 23:48:16,757] {processor.py:153} INFO - Started process (PID=4923) to work on /opt/airflow/dags/dags.py
[2024-03-21 23:48:16,758] {processor.py:641} INFO - Processing file /opt/airflow/dags/dags.py for tasks to queue
[2024-03-21 23:48:16,759] {logging_mixin.py:115} INFO - [2024-03-21 23:48:16,759] {dagbag.py:507} INFO - Filling up the DagBag from /opt/airflow/dags/dags.py
[2024-03-21 23:48:16,949] {processor.py:651} INFO - DAG(s) dict_keys(['bigdag']) retrieved from /opt/airflow/dags/dags.py
[2024-03-21 23:48:16,967] {logging_mixin.py:115} INFO - [2024-03-21 23:48:16,966] {dag.py:2371} INFO - Sync 1 DAGs
[2024-03-21 23:48:16,983] {logging_mixin.py:115} INFO - [2024-03-21 23:48:16,983] {dag.py:2919} INFO - Setting next_dagrun for bigdag to None, run_after=None
[2024-03-21 23:48:16,990] {processor.py:161} INFO - Processing /opt/airflow/dags/dags.py took 0.235 seconds
[2024-03-21 23:48:47,012] {processor.py:153} INFO - Started process (PID=4984) to work on /opt/airflow/dags/dags.py
[2024-03-21 23:48:47,014] {processor.py:641} INFO - Processing file /opt/airflow/dags/dags.py for tasks to queue
[2024-03-21 23:48:47,016] {logging_mixin.py:115} INFO - [2024-03-21 23:48:47,016] {dagbag.py:507} INFO - Filling up the DagBag from /opt/airflow/dags/dags.py
[2024-03-21 23:48:47,223] {processor.py:651} INFO - DAG(s) dict_keys(['bigdag']) retrieved from /opt/airflow/dags/dags.py
[2024-03-21 23:48:47,291] {logging_mixin.py:115} INFO - [2024-03-21 23:48:47,291] {dag.py:2371} INFO - Sync 1 DAGs
[2024-03-21 23:48:47,316] {logging_mixin.py:115} INFO - [2024-03-21 23:48:47,316] {dag.py:2919} INFO - Setting next_dagrun for bigdag to None, run_after=None
[2024-03-21 23:48:47,331] {processor.py:161} INFO - Processing /opt/airflow/dags/dags.py took 0.324 seconds
[2024-03-21 23:49:17,450] {processor.py:153} INFO - Started process (PID=5036) to work on /opt/airflow/dags/dags.py
[2024-03-21 23:49:17,452] {processor.py:641} INFO - Processing file /opt/airflow/dags/dags.py for tasks to queue
[2024-03-21 23:49:17,453] {logging_mixin.py:115} INFO - [2024-03-21 23:49:17,453] {dagbag.py:507} INFO - Filling up the DagBag from /opt/airflow/dags/dags.py
[2024-03-21 23:49:17,692] {processor.py:651} INFO - DAG(s) dict_keys(['bigdag']) retrieved from /opt/airflow/dags/dags.py
[2024-03-21 23:49:17,725] {logging_mixin.py:115} INFO - [2024-03-21 23:49:17,725] {dag.py:2371} INFO - Sync 1 DAGs
[2024-03-21 23:49:17,748] {logging_mixin.py:115} INFO - [2024-03-21 23:49:17,748] {dag.py:2919} INFO - Setting next_dagrun for bigdag to None, run_after=None
[2024-03-21 23:49:17,758] {processor.py:161} INFO - Processing /opt/airflow/dags/dags.py took 0.311 seconds
[2024-03-21 23:49:48,126] {processor.py:153} INFO - Started process (PID=5098) to work on /opt/airflow/dags/dags.py
[2024-03-21 23:49:48,127] {processor.py:641} INFO - Processing file /opt/airflow/dags/dags.py for tasks to queue
[2024-03-21 23:49:48,127] {logging_mixin.py:115} INFO - [2024-03-21 23:49:48,127] {dagbag.py:507} INFO - Filling up the DagBag from /opt/airflow/dags/dags.py
[2024-03-21 23:49:48,420] {processor.py:651} INFO - DAG(s) dict_keys(['bigdag']) retrieved from /opt/airflow/dags/dags.py
[2024-03-21 23:49:48,443] {logging_mixin.py:115} INFO - [2024-03-21 23:49:48,443] {dag.py:2371} INFO - Sync 1 DAGs
[2024-03-21 23:49:48,463] {logging_mixin.py:115} INFO - [2024-03-21 23:49:48,463] {dag.py:2919} INFO - Setting next_dagrun for bigdag to None, run_after=None
[2024-03-21 23:49:48,472] {processor.py:161} INFO - Processing /opt/airflow/dags/dags.py took 0.348 seconds
[2024-03-21 23:50:18,783] {processor.py:153} INFO - Started process (PID=5151) to work on /opt/airflow/dags/dags.py
[2024-03-21 23:50:18,784] {processor.py:641} INFO - Processing file /opt/airflow/dags/dags.py for tasks to queue
[2024-03-21 23:50:18,784] {logging_mixin.py:115} INFO - [2024-03-21 23:50:18,784] {dagbag.py:507} INFO - Filling up the DagBag from /opt/airflow/dags/dags.py
[2024-03-21 23:50:19,088] {processor.py:651} INFO - DAG(s) dict_keys(['bigdag']) retrieved from /opt/airflow/dags/dags.py
[2024-03-21 23:50:19,106] {logging_mixin.py:115} INFO - [2024-03-21 23:50:19,106] {dag.py:2371} INFO - Sync 1 DAGs
[2024-03-21 23:50:19,127] {logging_mixin.py:115} INFO - [2024-03-21 23:50:19,127] {dag.py:2919} INFO - Setting next_dagrun for bigdag to None, run_after=None
[2024-03-21 23:50:19,139] {processor.py:161} INFO - Processing /opt/airflow/dags/dags.py took 0.360 seconds
[2024-03-21 23:50:49,687] {processor.py:153} INFO - Started process (PID=5212) to work on /opt/airflow/dags/dags.py
[2024-03-21 23:50:49,688] {processor.py:641} INFO - Processing file /opt/airflow/dags/dags.py for tasks to queue
[2024-03-21 23:50:49,688] {logging_mixin.py:115} INFO - [2024-03-21 23:50:49,688] {dagbag.py:507} INFO - Filling up the DagBag from /opt/airflow/dags/dags.py
[2024-03-21 23:50:49,882] {processor.py:651} INFO - DAG(s) dict_keys(['bigdag']) retrieved from /opt/airflow/dags/dags.py
[2024-03-21 23:50:49,896] {logging_mixin.py:115} INFO - [2024-03-21 23:50:49,896] {dag.py:2371} INFO - Sync 1 DAGs
[2024-03-21 23:50:49,923] {logging_mixin.py:115} INFO - [2024-03-21 23:50:49,923] {dag.py:2919} INFO - Setting next_dagrun for bigdag to None, run_after=None
[2024-03-21 23:50:49,931] {processor.py:161} INFO - Processing /opt/airflow/dags/dags.py took 0.247 seconds
[2024-03-21 23:51:20,153] {processor.py:153} INFO - Started process (PID=5275) to work on /opt/airflow/dags/dags.py
[2024-03-21 23:51:20,154] {processor.py:641} INFO - Processing file /opt/airflow/dags/dags.py for tasks to queue
[2024-03-21 23:51:20,154] {logging_mixin.py:115} INFO - [2024-03-21 23:51:20,154] {dagbag.py:507} INFO - Filling up the DagBag from /opt/airflow/dags/dags.py
[2024-03-21 23:51:20,333] {processor.py:651} INFO - DAG(s) dict_keys(['bigdag']) retrieved from /opt/airflow/dags/dags.py
[2024-03-21 23:51:20,348] {logging_mixin.py:115} INFO - [2024-03-21 23:51:20,348] {dag.py:2371} INFO - Sync 1 DAGs
[2024-03-21 23:51:20,362] {logging_mixin.py:115} INFO - [2024-03-21 23:51:20,362] {dag.py:2919} INFO - Setting next_dagrun for bigdag to None, run_after=None
[2024-03-21 23:51:20,369] {processor.py:161} INFO - Processing /opt/airflow/dags/dags.py took 0.219 seconds
[2024-03-21 23:51:50,560] {processor.py:153} INFO - Started process (PID=5338) to work on /opt/airflow/dags/dags.py
[2024-03-21 23:51:50,560] {processor.py:641} INFO - Processing file /opt/airflow/dags/dags.py for tasks to queue
[2024-03-21 23:51:50,561] {logging_mixin.py:115} INFO - [2024-03-21 23:51:50,561] {dagbag.py:507} INFO - Filling up the DagBag from /opt/airflow/dags/dags.py
[2024-03-21 23:51:50,783] {processor.py:651} INFO - DAG(s) dict_keys(['bigdag']) retrieved from /opt/airflow/dags/dags.py
[2024-03-21 23:51:50,799] {logging_mixin.py:115} INFO - [2024-03-21 23:51:50,799] {dag.py:2371} INFO - Sync 1 DAGs
[2024-03-21 23:51:50,815] {logging_mixin.py:115} INFO - [2024-03-21 23:51:50,815] {dag.py:2919} INFO - Setting next_dagrun for bigdag to None, run_after=None
[2024-03-21 23:51:50,823] {processor.py:161} INFO - Processing /opt/airflow/dags/dags.py took 0.266 seconds
[2024-03-21 23:52:20,862] {processor.py:153} INFO - Started process (PID=5391) to work on /opt/airflow/dags/dags.py
[2024-03-21 23:52:20,863] {processor.py:641} INFO - Processing file /opt/airflow/dags/dags.py for tasks to queue
[2024-03-21 23:52:20,864] {logging_mixin.py:115} INFO - [2024-03-21 23:52:20,863] {dagbag.py:507} INFO - Filling up the DagBag from /opt/airflow/dags/dags.py
[2024-03-21 23:52:21,072] {processor.py:651} INFO - DAG(s) dict_keys(['bigdag']) retrieved from /opt/airflow/dags/dags.py
[2024-03-21 23:52:21,090] {logging_mixin.py:115} INFO - [2024-03-21 23:52:21,090] {dag.py:2371} INFO - Sync 1 DAGs
[2024-03-21 23:52:21,108] {logging_mixin.py:115} INFO - [2024-03-21 23:52:21,107] {dag.py:2919} INFO - Setting next_dagrun for bigdag to None, run_after=None
[2024-03-21 23:52:21,115] {processor.py:161} INFO - Processing /opt/airflow/dags/dags.py took 0.255 seconds
[2024-03-21 23:52:51,481] {processor.py:153} INFO - Started process (PID=5451) to work on /opt/airflow/dags/dags.py
[2024-03-21 23:52:51,482] {processor.py:641} INFO - Processing file /opt/airflow/dags/dags.py for tasks to queue
[2024-03-21 23:52:51,483] {logging_mixin.py:115} INFO - [2024-03-21 23:52:51,483] {dagbag.py:507} INFO - Filling up the DagBag from /opt/airflow/dags/dags.py
[2024-03-21 23:52:51,848] {processor.py:651} INFO - DAG(s) dict_keys(['bigdag']) retrieved from /opt/airflow/dags/dags.py
[2024-03-21 23:52:51,861] {logging_mixin.py:115} INFO - [2024-03-21 23:52:51,861] {dag.py:2371} INFO - Sync 1 DAGs
[2024-03-21 23:52:51,876] {logging_mixin.py:115} INFO - [2024-03-21 23:52:51,875] {dag.py:2919} INFO - Setting next_dagrun for bigdag to None, run_after=None
[2024-03-21 23:52:51,882] {processor.py:161} INFO - Processing /opt/airflow/dags/dags.py took 0.404 seconds
[2024-03-21 23:53:22,040] {processor.py:153} INFO - Started process (PID=5512) to work on /opt/airflow/dags/dags.py
[2024-03-21 23:53:22,042] {processor.py:641} INFO - Processing file /opt/airflow/dags/dags.py for tasks to queue
[2024-03-21 23:53:22,043] {logging_mixin.py:115} INFO - [2024-03-21 23:53:22,043] {dagbag.py:507} INFO - Filling up the DagBag from /opt/airflow/dags/dags.py
[2024-03-21 23:53:22,305] {processor.py:651} INFO - DAG(s) dict_keys(['bigdag']) retrieved from /opt/airflow/dags/dags.py
[2024-03-21 23:53:22,327] {logging_mixin.py:115} INFO - [2024-03-21 23:53:22,327] {dag.py:2371} INFO - Sync 1 DAGs
[2024-03-21 23:53:22,348] {logging_mixin.py:115} INFO - [2024-03-21 23:53:22,348] {dag.py:2919} INFO - Setting next_dagrun for bigdag to None, run_after=None
[2024-03-21 23:53:22,362] {processor.py:161} INFO - Processing /opt/airflow/dags/dags.py took 0.326 seconds
[2024-03-21 23:53:52,410] {processor.py:153} INFO - Started process (PID=5565) to work on /opt/airflow/dags/dags.py
[2024-03-21 23:53:52,411] {processor.py:641} INFO - Processing file /opt/airflow/dags/dags.py for tasks to queue
[2024-03-21 23:53:52,411] {logging_mixin.py:115} INFO - [2024-03-21 23:53:52,411] {dagbag.py:507} INFO - Filling up the DagBag from /opt/airflow/dags/dags.py
[2024-03-21 23:53:52,593] {processor.py:651} INFO - DAG(s) dict_keys(['bigdag']) retrieved from /opt/airflow/dags/dags.py
[2024-03-21 23:53:52,613] {logging_mixin.py:115} INFO - [2024-03-21 23:53:52,613] {dag.py:2371} INFO - Sync 1 DAGs
[2024-03-21 23:53:52,645] {logging_mixin.py:115} INFO - [2024-03-21 23:53:52,645] {dag.py:2919} INFO - Setting next_dagrun for bigdag to None, run_after=None
[2024-03-21 23:53:52,654] {processor.py:161} INFO - Processing /opt/airflow/dags/dags.py took 0.247 seconds
[2024-03-21 23:54:23,035] {processor.py:153} INFO - Started process (PID=5627) to work on /opt/airflow/dags/dags.py
[2024-03-21 23:54:23,036] {processor.py:641} INFO - Processing file /opt/airflow/dags/dags.py for tasks to queue
[2024-03-21 23:54:23,036] {logging_mixin.py:115} INFO - [2024-03-21 23:54:23,036] {dagbag.py:507} INFO - Filling up the DagBag from /opt/airflow/dags/dags.py
[2024-03-21 23:54:23,376] {processor.py:651} INFO - DAG(s) dict_keys(['bigdag']) retrieved from /opt/airflow/dags/dags.py
[2024-03-21 23:54:23,405] {logging_mixin.py:115} INFO - [2024-03-21 23:54:23,405] {dag.py:2371} INFO - Sync 1 DAGs
[2024-03-21 23:54:23,428] {logging_mixin.py:115} INFO - [2024-03-21 23:54:23,428] {dag.py:2919} INFO - Setting next_dagrun for bigdag to None, run_after=None
[2024-03-21 23:54:23,444] {processor.py:161} INFO - Processing /opt/airflow/dags/dags.py took 0.413 seconds
[2024-03-21 23:54:53,524] {processor.py:153} INFO - Started process (PID=5680) to work on /opt/airflow/dags/dags.py
[2024-03-21 23:54:53,525] {processor.py:641} INFO - Processing file /opt/airflow/dags/dags.py for tasks to queue
[2024-03-21 23:54:53,527] {logging_mixin.py:115} INFO - [2024-03-21 23:54:53,526] {dagbag.py:507} INFO - Filling up the DagBag from /opt/airflow/dags/dags.py
[2024-03-21 23:54:53,828] {processor.py:651} INFO - DAG(s) dict_keys(['bigdag']) retrieved from /opt/airflow/dags/dags.py
[2024-03-21 23:54:54,017] {logging_mixin.py:115} INFO - [2024-03-21 23:54:54,016] {dag.py:2371} INFO - Sync 1 DAGs
[2024-03-21 23:54:54,115] {logging_mixin.py:115} INFO - [2024-03-21 23:54:54,115] {dag.py:2919} INFO - Setting next_dagrun for bigdag to None, run_after=None
[2024-03-21 23:54:54,143] {processor.py:161} INFO - Processing /opt/airflow/dags/dags.py took 0.622 seconds
[2024-03-21 23:55:24,348] {processor.py:153} INFO - Started process (PID=5741) to work on /opt/airflow/dags/dags.py
[2024-03-21 23:55:24,349] {processor.py:641} INFO - Processing file /opt/airflow/dags/dags.py for tasks to queue
[2024-03-21 23:55:24,350] {logging_mixin.py:115} INFO - [2024-03-21 23:55:24,349] {dagbag.py:507} INFO - Filling up the DagBag from /opt/airflow/dags/dags.py
[2024-03-21 23:55:24,552] {processor.py:651} INFO - DAG(s) dict_keys(['bigdag']) retrieved from /opt/airflow/dags/dags.py
[2024-03-21 23:55:24,568] {logging_mixin.py:115} INFO - [2024-03-21 23:55:24,568] {dag.py:2371} INFO - Sync 1 DAGs
[2024-03-21 23:55:24,585] {logging_mixin.py:115} INFO - [2024-03-21 23:55:24,585] {dag.py:2919} INFO - Setting next_dagrun for bigdag to None, run_after=None
[2024-03-21 23:55:24,592] {processor.py:161} INFO - Processing /opt/airflow/dags/dags.py took 0.246 seconds
[2024-03-21 23:55:54,894] {processor.py:153} INFO - Started process (PID=5802) to work on /opt/airflow/dags/dags.py
[2024-03-21 23:55:54,896] {processor.py:641} INFO - Processing file /opt/airflow/dags/dags.py for tasks to queue
[2024-03-21 23:55:54,897] {logging_mixin.py:115} INFO - [2024-03-21 23:55:54,897] {dagbag.py:507} INFO - Filling up the DagBag from /opt/airflow/dags/dags.py
[2024-03-21 23:55:55,076] {processor.py:651} INFO - DAG(s) dict_keys(['bigdag']) retrieved from /opt/airflow/dags/dags.py
[2024-03-21 23:55:55,098] {logging_mixin.py:115} INFO - [2024-03-21 23:55:55,098] {dag.py:2371} INFO - Sync 1 DAGs
[2024-03-21 23:55:55,119] {logging_mixin.py:115} INFO - [2024-03-21 23:55:55,119] {dag.py:2919} INFO - Setting next_dagrun for bigdag to None, run_after=None
[2024-03-21 23:55:55,131] {processor.py:161} INFO - Processing /opt/airflow/dags/dags.py took 0.240 seconds
[2024-03-21 23:56:25,328] {processor.py:153} INFO - Started process (PID=5855) to work on /opt/airflow/dags/dags.py
[2024-03-21 23:56:25,329] {processor.py:641} INFO - Processing file /opt/airflow/dags/dags.py for tasks to queue
[2024-03-21 23:56:25,330] {logging_mixin.py:115} INFO - [2024-03-21 23:56:25,329] {dagbag.py:507} INFO - Filling up the DagBag from /opt/airflow/dags/dags.py
[2024-03-21 23:56:25,665] {processor.py:651} INFO - DAG(s) dict_keys(['bigdag']) retrieved from /opt/airflow/dags/dags.py
[2024-03-21 23:56:25,694] {logging_mixin.py:115} INFO - [2024-03-21 23:56:25,694] {dag.py:2371} INFO - Sync 1 DAGs
[2024-03-21 23:56:25,714] {logging_mixin.py:115} INFO - [2024-03-21 23:56:25,714] {dag.py:2919} INFO - Setting next_dagrun for bigdag to None, run_after=None
[2024-03-21 23:56:25,725] {processor.py:161} INFO - Processing /opt/airflow/dags/dags.py took 0.401 seconds
[2024-03-21 23:56:56,885] {processor.py:153} INFO - Started process (PID=5918) to work on /opt/airflow/dags/dags.py
[2024-03-21 23:56:56,924] {processor.py:641} INFO - Processing file /opt/airflow/dags/dags.py for tasks to queue
[2024-03-21 23:56:56,960] {logging_mixin.py:115} INFO - [2024-03-21 23:56:56,960] {dagbag.py:507} INFO - Filling up the DagBag from /opt/airflow/dags/dags.py
[2024-03-21 23:56:58,109] {processor.py:651} INFO - DAG(s) dict_keys(['bigdag']) retrieved from /opt/airflow/dags/dags.py
[2024-03-21 23:56:58,191] {logging_mixin.py:115} INFO - [2024-03-21 23:56:58,191] {dag.py:2371} INFO - Sync 1 DAGs
[2024-03-21 23:56:58,396] {logging_mixin.py:115} INFO - [2024-03-21 23:56:58,395] {dag.py:2919} INFO - Setting next_dagrun for bigdag to None, run_after=None
[2024-03-21 23:56:58,420] {processor.py:161} INFO - Processing /opt/airflow/dags/dags.py took 1.626 seconds
[2024-03-21 23:57:28,956] {processor.py:153} INFO - Started process (PID=5971) to work on /opt/airflow/dags/dags.py
[2024-03-21 23:57:28,957] {processor.py:641} INFO - Processing file /opt/airflow/dags/dags.py for tasks to queue
[2024-03-21 23:57:28,958] {logging_mixin.py:115} INFO - [2024-03-21 23:57:28,958] {dagbag.py:507} INFO - Filling up the DagBag from /opt/airflow/dags/dags.py
[2024-03-21 23:57:29,158] {processor.py:651} INFO - DAG(s) dict_keys(['bigdag']) retrieved from /opt/airflow/dags/dags.py
[2024-03-21 23:57:29,178] {logging_mixin.py:115} INFO - [2024-03-21 23:57:29,178] {dag.py:2371} INFO - Sync 1 DAGs
[2024-03-21 23:57:29,193] {logging_mixin.py:115} INFO - [2024-03-21 23:57:29,193] {dag.py:2919} INFO - Setting next_dagrun for bigdag to None, run_after=None
[2024-03-21 23:57:29,200] {processor.py:161} INFO - Processing /opt/airflow/dags/dags.py took 0.248 seconds
[2024-03-21 23:57:59,303] {processor.py:153} INFO - Started process (PID=6035) to work on /opt/airflow/dags/dags.py
[2024-03-21 23:57:59,304] {processor.py:641} INFO - Processing file /opt/airflow/dags/dags.py for tasks to queue
[2024-03-21 23:57:59,305] {logging_mixin.py:115} INFO - [2024-03-21 23:57:59,305] {dagbag.py:507} INFO - Filling up the DagBag from /opt/airflow/dags/dags.py
[2024-03-21 23:57:59,543] {processor.py:651} INFO - DAG(s) dict_keys(['bigdag']) retrieved from /opt/airflow/dags/dags.py
[2024-03-21 23:57:59,566] {logging_mixin.py:115} INFO - [2024-03-21 23:57:59,566] {dag.py:2371} INFO - Sync 1 DAGs
[2024-03-21 23:57:59,589] {logging_mixin.py:115} INFO - [2024-03-21 23:57:59,588] {dag.py:2919} INFO - Setting next_dagrun for bigdag to None, run_after=None
[2024-03-21 23:57:59,612] {processor.py:161} INFO - Processing /opt/airflow/dags/dags.py took 0.313 seconds
[2024-03-21 23:58:29,890] {processor.py:153} INFO - Started process (PID=6089) to work on /opt/airflow/dags/dags.py
[2024-03-21 23:58:29,893] {processor.py:641} INFO - Processing file /opt/airflow/dags/dags.py for tasks to queue
[2024-03-21 23:58:29,894] {logging_mixin.py:115} INFO - [2024-03-21 23:58:29,894] {dagbag.py:507} INFO - Filling up the DagBag from /opt/airflow/dags/dags.py
[2024-03-21 23:58:30,059] {processor.py:651} INFO - DAG(s) dict_keys(['bigdag']) retrieved from /opt/airflow/dags/dags.py
[2024-03-21 23:58:30,075] {logging_mixin.py:115} INFO - [2024-03-21 23:58:30,075] {dag.py:2371} INFO - Sync 1 DAGs
[2024-03-21 23:58:30,089] {logging_mixin.py:115} INFO - [2024-03-21 23:58:30,089] {dag.py:2919} INFO - Setting next_dagrun for bigdag to None, run_after=None
[2024-03-21 23:58:30,096] {processor.py:161} INFO - Processing /opt/airflow/dags/dags.py took 0.209 seconds
[2024-03-21 23:59:00,210] {processor.py:153} INFO - Started process (PID=6146) to work on /opt/airflow/dags/dags.py
[2024-03-21 23:59:00,211] {processor.py:641} INFO - Processing file /opt/airflow/dags/dags.py for tasks to queue
[2024-03-21 23:59:00,212] {logging_mixin.py:115} INFO - [2024-03-21 23:59:00,212] {dagbag.py:507} INFO - Filling up the DagBag from /opt/airflow/dags/dags.py
[2024-03-21 23:59:00,437] {processor.py:651} INFO - DAG(s) dict_keys(['bigdag']) retrieved from /opt/airflow/dags/dags.py
[2024-03-21 23:59:00,455] {logging_mixin.py:115} INFO - [2024-03-21 23:59:00,455] {dag.py:2371} INFO - Sync 1 DAGs
[2024-03-21 23:59:00,475] {logging_mixin.py:115} INFO - [2024-03-21 23:59:00,475] {dag.py:2919} INFO - Setting next_dagrun for bigdag to None, run_after=None
[2024-03-21 23:59:00,483] {processor.py:161} INFO - Processing /opt/airflow/dags/dags.py took 0.279 seconds
[2024-03-21 23:59:30,557] {processor.py:153} INFO - Started process (PID=6208) to work on /opt/airflow/dags/dags.py
[2024-03-21 23:59:30,558] {processor.py:641} INFO - Processing file /opt/airflow/dags/dags.py for tasks to queue
[2024-03-21 23:59:30,559] {logging_mixin.py:115} INFO - [2024-03-21 23:59:30,559] {dagbag.py:507} INFO - Filling up the DagBag from /opt/airflow/dags/dags.py
[2024-03-21 23:59:30,791] {processor.py:651} INFO - DAG(s) dict_keys(['bigdag']) retrieved from /opt/airflow/dags/dags.py
[2024-03-21 23:59:30,805] {logging_mixin.py:115} INFO - [2024-03-21 23:59:30,805] {dag.py:2371} INFO - Sync 1 DAGs
[2024-03-21 23:59:30,820] {logging_mixin.py:115} INFO - [2024-03-21 23:59:30,820] {dag.py:2919} INFO - Setting next_dagrun for bigdag to None, run_after=None
[2024-03-21 23:59:30,827] {processor.py:161} INFO - Processing /opt/airflow/dags/dags.py took 0.278 seconds
